<?xml version="1.0" encoding="utf-8"?>
<TestRun id="9a3a299a-695b-4063-88ea-79a72fd9dc4f" name="@d71188ba1e2e 2026-09-16 17:52:07" xmlns="http://microsoft.com/schemas/VisualStudio/TeamTest/2010">
  <Times creation="2026-09-16T17:52:07.4322222+00:00" queuing="2026-09-16T17:52:07.4322224+00:00" start="2026-09-16T17:52:03.2970188+00:00" finish="2026-09-16T17:52:07.4595491+00:00" />
  <TestSettings name="default" id="c1d6df64-c340-4c7a-8368-4e93faaf89d4">
    <Deployment runDeploymentRoot="_d71188ba1e2e_2026-09-16_17_52_07" />
  </TestSettings>
  <Results>
    <UnitTestResult executionId="2a735fe9-80d3-439f-97b6-a5f8996ab1fa" testId="61296196-c91a-324c-1f23-27a6dd6decd8" testName="InferenceWeb.Tests.Qwen4ExpRetainedCacheTests.LayerSplitCheckpoint_PreservesAllDeviceStateAndFullLogits" computerName="d71188ba1e2e" duration="00:00:01.3888848" startTime="2026-09-16T17:52:05.8169762+00:00" endTime="2026-09-16T17:52:07.1832620+00:00" testType="13cdc9d9-ddb5-4fa4-a97d-d965ccfc6d4b" outcome="Passed" testListId="8c84fa94-04c1-424b-9868-57a2d4851a1d" relativeResultsDirectory="2a735fe9-80d3-439f-97b6-a5f8996ab1fa">
      <Output>
        <StdOut>native /workspace/ts-qwen-retained-public-r7/tests/bin/Release/net10.0/libGgmlOps.so sha256=7eaf98656edcd043884f3eb776bed68abbee29f5cb446e237bfa16afa5598af7; backend=GgmlCuda
native /workspace/ts-qwen-retained-public-r7/tests/bin/Release/net10.0/libGgmlOps.so sha256=7eaf98656edcd043884f3eb776bed68abbee29f5cb446e237bfa16afa5598af7; backend=GgmlCuda
Physical two-device public checkpoint/clone: GDN/PLE rank0, QSA/MTP rank1; A/B/A independent head and full-logit cold parity.</StdOut>
      </Output>
    </UnitTestResult>
  </Results>
  <TestDefinitions>
    <UnitTest name="InferenceWeb.Tests.Qwen4ExpRetainedCacheTests.LayerSplitCheckpoint_PreservesAllDeviceStateAndFullLogits" storage="/workspace/ts-qwen-retained-public-r7/tests/bin/release/net10.0/inferenceweb.tests.dll" id="61296196-c91a-324c-1f23-27a6dd6decd8">
      <Execution id="2a735fe9-80d3-439f-97b6-a5f8996ab1fa" />
      <TestMethod codeBase="/workspace/ts-qwen-retained-public-r7/tests/bin/Release/net10.0/InferenceWeb.Tests.dll" adapterTypeName="executor://xunit/VsTestRunner3/netcore/" className="InferenceWeb.Tests.Qwen4ExpRetainedCacheTests" name="LayerSplitCheckpoint_PreservesAllDeviceStateAndFullLogits" />
    </UnitTest>
  </TestDefinitions>
  <TestEntries>
    <TestEntry testId="61296196-c91a-324c-1f23-27a6dd6decd8" executionId="2a735fe9-80d3-439f-97b6-a5f8996ab1fa" testListId="8c84fa94-04c1-424b-9868-57a2d4851a1d" />
  </TestEntries>
  <TestLists>
    <TestList name="Results Not in a List" id="8c84fa94-04c1-424b-9868-57a2d4851a1d" />
    <TestList name="All Loaded Results" id="19431567-8539-422a-85d7-44ee4e166bda" />
  </TestLists>
  <ResultSummary outcome="Completed">
    <Counters total="1" executed="1" passed="1" failed="0" error="0" timeout="0" aborted="0" inconclusive="0" passedButRunAborted="0" notRunnable="0" notExecuted="0" disconnected="0" warning="0" completed="0" inProgress="0" pending="0" />
    <Output>
      <StdOut>[xUnit.net 00:00:00.00] xUnit.net VSTest Adapter v3.1.4+50e68bbb8b (64-bit .NET 10.0.12)
[xUnit.net 00:00:00.32]   Discovering: InferenceWeb.Tests
ggml_cuda_init: found 2 CUDA devices (Total VRAM: 90996 MiB):
  Device 0: NVIDIA A40, compute capability 8.6, VMM: yes, VRAM: 45498 MiB
  Device 1: NVIDIA A40, compute capability 8.6, VMM: yes, VRAM: 45498 MiB
[xUnit.net 00:00:01.60]   Discovered:  InferenceWeb.Tests
[xUnit.net 00:00:01.64]   Starting:    InferenceWeb.Tests
[GGML] multi-device (layer split): 2 device(s), no collectives
Backend: GgmlCuda
Model: qwen4exp, Layers=2, Hidden=8, Heads=4, KVHeads=2, HeadDim=8, Vocab=260
  hyper-connections: count=4 lowRank=3 (residual is 32 wide)
  experts=4 used=2 ff=6 sharedFf=5
  GDN layers=1/2, QSA indexer heads=1 dim=8 topK=8
  PLE: layers=[0] ngram=2 heads=1 headDim=8
Loading model weights... done (57 F32 tensors, 24 quantized tensors)
  Quantized: 0 MB (0 MB file-backed), F32: 0 MB
  Layer split: honouring TS_Q4E_LAYER_SPLIT=1,1
  Layer split across 2 GPUs: gpu0=1 layers/0 MB, gpu1=1 layers/0 MB
Context length: using GGUF metadata qwen4exp.context_length=1024.
  Qwen4Exp shared MTP ready: block=2, features=32, draftCompression=0, privateKV=F16, device=1, mappedBytes=10336.
[GGML] multi-device (layer split): 2 device(s), no collectives
Backend: GgmlCuda
Model: qwen4exp, Layers=2, Hidden=8, Heads=4, KVHeads=2, HeadDim=8, Vocab=260
  hyper-connections: count=4 lowRank=3 (residual is 32 wide)
  experts=4 used=2 ff=6 sharedFf=5
  GDN layers=1/2, QSA indexer heads=1 dim=8 topK=8
  PLE: layers=[0] ngram=2 heads=1 headDim=8
Loading model weights... done (57 F32 tensors, 24 quantized tensors)
  Quantized: 0 MB (0 MB file-backed), F32: 0 MB
  Layer split: honouring TS_Q4E_LAYER_SPLIT=1,1
  Layer split across 2 GPUs: gpu0=1 layers/0 MB, gpu1=1 layers/0 MB
Context length: using GGUF metadata qwen4exp.context_length=1024.
  Qwen4Exp shared MTP ready: block=2, features=32, draftCompression=0, privateKV=F16, device=1, mappedBytes=10336.
[xUnit.net 00:00:03.09]   Finished:    InferenceWeb.Tests
</StdOut>
    </Output>
  </ResultSummary>
</TestRun>