<?xml version="1.0" encoding="utf-8"?>
<TestRun id="5a166ed2-16ba-410c-9b15-252ad6af1c0c" name="@d71188ba1e2e 2026-09-16 18:13:35" xmlns="http://microsoft.com/schemas/VisualStudio/TeamTest/2010">
  <Times creation="2026-09-16T18:13:35.9718729+00:00" queuing="2026-09-16T18:13:35.9718733+00:00" start="2026-09-16T18:13:32.5034671+00:00" finish="2026-09-16T18:13:35.9983161+00:00" />
  <TestSettings name="default" id="d790fa18-e0aa-444c-a691-5eacc0354e83">
    <Deployment runDeploymentRoot="_d71188ba1e2e_2026-09-16_18_13_35" />
  </TestSettings>
  <Results>
    <UnitTestResult executionId="ffca7f14-23a8-45aa-8db6-5475751e9aef" testId="c1504937-c7cd-8f15-2d2b-53b25cba1691" testName="InferenceWeb.Tests.Qwen4ExpRetainedCacheTests.TeacherForcedTargetVerify_MatchesSingleTokenFullVocabularyForDenseAndSparsePrefixes" computerName="d71188ba1e2e" duration="00:00:00.9396038" startTime="2026-09-16T18:13:34.7958062+00:00" endTime="2026-09-16T18:13:35.7022830+00:00" testType="13cdc9d9-ddb5-4fa4-a97d-d965ccfc6d4b" outcome="Passed" testListId="8c84fa94-04c1-424b-9868-57a2d4851a1d" relativeResultsDirectory="ffca7f14-23a8-45aa-8db6-5475751e9aef">
      <Output>
        <StdOut>native /workspace/ts-qwen-target-precision-r13/tests/bin/Release/net10.0/libGgmlOps.so sha256=bf53d455a70008867850dfd02291a1e2942c52e6f47457568185fccb5548263d; backend=GgmlCuda
native /workspace/ts-qwen-target-precision-r13/tests/bin/Release/net10.0/libGgmlOps.so sha256=bf53d455a70008867850dfd02291a1e2942c52e6f47457568185fccb5548263d; backend=GgmlCuda
teacher prefix=4 row=0 max_abs=0 plain=227 verify=227
teacher prefix=4 row=1 max_abs=0 plain=228 verify=228
teacher prefix=4 row=2 max_abs=0 plain=249 verify=249
teacher prefix=4 row=3 max_abs=0 plain=29 verify=29
state=gdn_conv max_abs=0 changed=0/256
state=gdn_delta max_abs=0 changed=0/2048
state=ple_conv max_abs=0 changed=0/128
state=_kCache max_abs=0 changed=0/128
state=_vCache max_abs=0 changed=0/128
teacher prefix=16 row=0 max_abs=0 plain=227 verify=227
teacher prefix=16 row=1 max_abs=0 plain=228 verify=228
teacher prefix=16 row=2 max_abs=0 plain=249 verify=249
teacher prefix=16 row=3 max_abs=0 plain=29 verify=29
state=gdn_conv max_abs=0 changed=0/256
state=gdn_delta max_abs=0 changed=0/2048
state=ple_conv max_abs=0 changed=0/128
state=_kCache max_abs=0 changed=0/320
state=_vCache max_abs=0 changed=0/320</StdOut>
      </Output>
    </UnitTestResult>
  </Results>
  <TestDefinitions>
    <UnitTest name="InferenceWeb.Tests.Qwen4ExpRetainedCacheTests.TeacherForcedTargetVerify_MatchesSingleTokenFullVocabularyForDenseAndSparsePrefixes" storage="/workspace/ts-qwen-target-precision-r13/tests/bin/release/net10.0/inferenceweb.tests.dll" id="c1504937-c7cd-8f15-2d2b-53b25cba1691">
      <Execution id="ffca7f14-23a8-45aa-8db6-5475751e9aef" />
      <TestMethod codeBase="/workspace/ts-qwen-target-precision-r13/tests/bin/Release/net10.0/InferenceWeb.Tests.dll" adapterTypeName="executor://xunit/VsTestRunner3/netcore/" className="InferenceWeb.Tests.Qwen4ExpRetainedCacheTests" name="TeacherForcedTargetVerify_MatchesSingleTokenFullVocabularyForDenseAndSparsePrefixes" />
    </UnitTest>
  </TestDefinitions>
  <TestEntries>
    <TestEntry testId="c1504937-c7cd-8f15-2d2b-53b25cba1691" executionId="ffca7f14-23a8-45aa-8db6-5475751e9aef" testListId="8c84fa94-04c1-424b-9868-57a2d4851a1d" />
  </TestEntries>
  <TestLists>
    <TestList name="Results Not in a List" id="8c84fa94-04c1-424b-9868-57a2d4851a1d" />
    <TestList name="All Loaded Results" id="19431567-8539-422a-85d7-44ee4e166bda" />
  </TestLists>
  <ResultSummary outcome="Completed">
    <Counters total="1" executed="1" passed="1" failed="0" error="0" timeout="0" aborted="0" inconclusive="0" passedButRunAborted="0" notRunnable="0" notExecuted="0" disconnected="0" warning="0" completed="0" inProgress="0" pending="0" />
    <Output>
      <StdOut>[xUnit.net 00:00:00.00] xUnit.net VSTest Adapter v3.1.4+50e68bbb8b (64-bit .NET 10.0.12)
[xUnit.net 00:00:00.31]   Discovering: InferenceWeb.Tests
ggml_cuda_init: found 1 CUDA devices (Total VRAM: 45498 MiB):
  Device 0: NVIDIA A40, compute capability 8.6, VMM: yes, VRAM: 45498 MiB
[xUnit.net 00:00:01.44]   Discovered:  InferenceWeb.Tests
[xUnit.net 00:00:01.48]   Starting:    InferenceWeb.Tests
Backend: GgmlCuda
Model: qwen4exp, Layers=2, Hidden=8, Heads=4, KVHeads=2, HeadDim=8, Vocab=260
  hyper-connections: count=4 lowRank=3 (residual is 32 wide)
  experts=4 used=2 ff=6 sharedFf=5
  GDN layers=1/2, QSA indexer heads=1 dim=8 topK=8
  PLE: layers=[0] ngram=2 heads=1 headDim=8
Loading model weights... done (57 F32 tensors, 24 quantized tensors)
  Quantized: 0 MB (0 MB file-backed), F32: 0 MB
Context length: using GGUF metadata qwen4exp.context_length=1024.
  Qwen4Exp shared MTP ready: block=2, features=32, draftCompression=0, privateKV=F16, device=0, mappedBytes=10336.
Backend: GgmlCuda
Model: qwen4exp, Layers=2, Hidden=8, Heads=4, KVHeads=2, HeadDim=8, Vocab=260
  hyper-connections: count=4 lowRank=3 (residual is 32 wide)
  experts=4 used=2 ff=6 sharedFf=5
  GDN layers=1/2, QSA indexer heads=1 dim=8 topK=8
  PLE: layers=[0] ngram=2 heads=1 headDim=8
Loading model weights... done (57 F32 tensors, 24 quantized tensors)
  Quantized: 0 MB (0 MB file-backed), F32: 0 MB
Context length: using GGUF metadata qwen4exp.context_length=1024.
  Qwen4Exp shared MTP ready: block=2, features=32, draftCompression=0, privateKV=F16, device=0, mappedBytes=10336.
[xUnit.net 00:00:02.49]   Finished:    InferenceWeb.Tests
</StdOut>
    </Output>
  </ResultSummary>
</TestRun>