<?xml version="1.0" encoding="utf-8"?>
<TestRun id="d3c0f962-cb0f-450b-b8c5-7f19f9fc3a3d" name="@d71188ba1e2e 2026-09-16 18:07:21" xmlns="http://microsoft.com/schemas/VisualStudio/TeamTest/2010">
  <Times creation="2026-09-16T18:07:21.0186597+00:00" queuing="2026-09-16T18:07:21.0186600+00:00" start="2026-09-16T18:07:17.8955557+00:00" finish="2026-09-16T18:07:21.0448486+00:00" />
  <TestSettings name="default" id="aed83fad-5524-4acd-accb-60fa34bb179f">
    <Deployment runDeploymentRoot="_d71188ba1e2e_2026-09-16_18_07_21" />
  </TestSettings>
  <Results>
    <UnitTestResult executionId="fac93f5e-648e-41ef-acbe-ca6f9acd425f" testId="c1504937-c7cd-8f15-2d2b-53b25cba1691" testName="InferenceWeb.Tests.Qwen4ExpRetainedCacheTests.TeacherForcedTargetVerify_MatchesSingleTokenFullVocabularyForDenseAndSparsePrefixes" computerName="d71188ba1e2e" duration="00:00:00.6684212" startTime="2026-09-16T18:07:20.1436550+00:00" endTime="2026-09-16T18:07:20.7898078+00:00" testType="13cdc9d9-ddb5-4fa4-a97d-d965ccfc6d4b" outcome="Passed" testListId="8c84fa94-04c1-424b-9868-57a2d4851a1d" relativeResultsDirectory="fac93f5e-648e-41ef-acbe-ca6f9acd425f">
      <Output>
        <StdOut>native /workspace/ts-qwen-teacher-r9/tests/bin/Release/net10.0/libGgmlOps.so sha256=7eaf98656edcd043884f3eb776bed68abbee29f5cb446e237bfa16afa5598af7; backend=GgmlCpu
native /workspace/ts-qwen-teacher-r9/tests/bin/Release/net10.0/libGgmlOps.so sha256=7eaf98656edcd043884f3eb776bed68abbee29f5cb446e237bfa16afa5598af7; backend=GgmlCpu
teacher prefix=4 row=0 max_abs=0 plain=227 verify=227
teacher prefix=4 row=1 max_abs=0 plain=228 verify=228
teacher prefix=4 row=2 max_abs=0 plain=249 verify=249
teacher prefix=4 row=3 max_abs=0 plain=29 verify=29
state=gdn_conv max_abs=0 changed=0/256
state=gdn_delta max_abs=0 changed=0/2048
state=ple_conv max_abs=0 changed=0/128
state=_kCache max_abs=0 changed=0/128
state=_vCache max_abs=0 changed=0/128
teacher prefix=16 row=0 max_abs=0 plain=227 verify=227
teacher prefix=16 row=1 max_abs=0 plain=228 verify=228
teacher prefix=16 row=2 max_abs=0 plain=249 verify=249
teacher prefix=16 row=3 max_abs=0 plain=29 verify=29
state=gdn_conv max_abs=0 changed=0/256
state=gdn_delta max_abs=0 changed=0/2048
state=ple_conv max_abs=0 changed=0/128
state=_kCache max_abs=0 changed=0/320
state=_vCache max_abs=0 changed=0/320</StdOut>
      </Output>
    </UnitTestResult>
  </Results>
  <TestDefinitions>
    <UnitTest name="InferenceWeb.Tests.Qwen4ExpRetainedCacheTests.TeacherForcedTargetVerify_MatchesSingleTokenFullVocabularyForDenseAndSparsePrefixes" storage="/workspace/ts-qwen-teacher-r9/tests/bin/release/net10.0/inferenceweb.tests.dll" id="c1504937-c7cd-8f15-2d2b-53b25cba1691">
      <Execution id="fac93f5e-648e-41ef-acbe-ca6f9acd425f" />
      <TestMethod codeBase="/workspace/ts-qwen-teacher-r9/tests/bin/Release/net10.0/InferenceWeb.Tests.dll" adapterTypeName="executor://xunit/VsTestRunner3/netcore/" className="InferenceWeb.Tests.Qwen4ExpRetainedCacheTests" name="TeacherForcedTargetVerify_MatchesSingleTokenFullVocabularyForDenseAndSparsePrefixes" />
    </UnitTest>
  </TestDefinitions>
  <TestEntries>
    <TestEntry testId="c1504937-c7cd-8f15-2d2b-53b25cba1691" executionId="fac93f5e-648e-41ef-acbe-ca6f9acd425f" testListId="8c84fa94-04c1-424b-9868-57a2d4851a1d" />
  </TestEntries>
  <TestLists>
    <TestList name="Results Not in a List" id="8c84fa94-04c1-424b-9868-57a2d4851a1d" />
    <TestList name="All Loaded Results" id="19431567-8539-422a-85d7-44ee4e166bda" />
  </TestLists>
  <ResultSummary outcome="Completed">
    <Counters total="1" executed="1" passed="1" failed="0" error="0" timeout="0" aborted="0" inconclusive="0" passedButRunAborted="0" notRunnable="0" notExecuted="0" disconnected="0" warning="0" completed="0" inProgress="0" pending="0" />
    <Output>
      <StdOut>[xUnit.net 00:00:00.00] xUnit.net VSTest Adapter v3.1.4+50e68bbb8b (64-bit .NET 10.0.12)
[xUnit.net 00:00:00.37]   Discovering: InferenceWeb.Tests
[xUnit.net 00:00:01.36]   Discovered:  InferenceWeb.Tests
[xUnit.net 00:00:01.39]   Starting:    InferenceWeb.Tests
Backend: GgmlCpu
Model: qwen4exp, Layers=2, Hidden=8, Heads=4, KVHeads=2, HeadDim=8, Vocab=260
  hyper-connections: count=4 lowRank=3 (residual is 32 wide)
  experts=4 used=2 ff=6 sharedFf=5
  GDN layers=1/2, QSA indexer heads=1 dim=8 topK=8
  PLE: layers=[0] ngram=2 heads=1 headDim=8
Loading model weights... done (57 F32 tensors, 24 quantized tensors)
  Quantized: 0 MB (0 MB file-backed), F32: 0 MB
Context length: using GGUF metadata qwen4exp.context_length=1024.
  Qwen4Exp shared MTP ready: block=2, features=32, draftCompression=0, privateKV=F16, device=0, mappedBytes=10336.
Backend: GgmlCpu
Model: qwen4exp, Layers=2, Hidden=8, Heads=4, KVHeads=2, HeadDim=8, Vocab=260
  hyper-connections: count=4 lowRank=3 (residual is 32 wide)
  experts=4 used=2 ff=6 sharedFf=5
  GDN layers=1/2, QSA indexer heads=1 dim=8 topK=8
  PLE: layers=[0] ngram=2 heads=1 headDim=8
Loading model weights... done (57 F32 tensors, 24 quantized tensors)
  Quantized: 0 MB (0 MB file-backed), F32: 0 MB
Context length: using GGUF metadata qwen4exp.context_length=1024.
  Qwen4Exp shared MTP ready: block=2, features=32, draftCompression=0, privateKV=F16, device=0, mappedBytes=10336.
[xUnit.net 00:00:02.13]   Finished:    InferenceWeb.Tests
</StdOut>
    </Output>
  </ResultSummary>
</TestRun>