<?xml version="1.0" encoding="utf-8"?>
<TestRun id="02c3c0a6-fdd8-4832-94b4-026057790be8" name="@d71188ba1e2e 2026-09-17 14:26:59" xmlns="http://microsoft.com/schemas/VisualStudio/TeamTest/2010">
  <Times creation="2026-09-17T14:26:59.5177425+00:00" queuing="2026-09-17T14:26:59.5177426+00:00" start="2026-09-17T14:26:55.5298839+00:00" finish="2026-09-17T14:27:01.1041562+00:00" />
  <TestSettings name="default" id="845fdeb6-5c66-4111-9e3f-a3c45f96fa05">
    <Deployment runDeploymentRoot="_d71188ba1e2e_2026-09-17_14_26_59" />
  </TestSettings>
  <Results>
    <UnitTestResult executionId="208a56e6-5e4c-451c-8eac-82db9fa881f9" testId="e8a300e0-241d-c6a8-c9e2-1e4306a6a063" testName="InferenceWeb.Tests.BpeTokenizerTests.Encode_DiscardsStaleCandidateAfterNeighborMerge" computerName="d71188ba1e2e" duration="00:00:00.0062495" startTime="2026-09-17T14:27:00.8924209+00:00" endTime="2026-09-17T14:27:00.8985701+00:00" testType="13cdc9d9-ddb5-4fa4-a97d-d965ccfc6d4b" outcome="Passed" testListId="8c84fa94-04c1-424b-9868-57a2d4851a1d" relativeResultsDirectory="208a56e6-5e4c-451c-8eac-82db9fa881f9" />
    <UnitTestResult executionId="f443f44f-1286-4f22-ad3b-5c8d40953fef" testId="ad1a7f4d-c964-122f-6d8a-47e9b19e15b8" testName="InferenceWeb.Tests.GlmDsaTinyModelTests.GlmDsa_ChunkedPrefill_MatchesSingleShot(chunk: 7)" computerName="d71188ba1e2e" duration="00:00:00.1212751" startTime="2026-09-17T14:27:00.4027553+00:00" endTime="2026-09-17T14:27:00.5238548+00:00" testType="13cdc9d9-ddb5-4fa4-a97d-d965ccfc6d4b" outcome="Passed" testListId="8c84fa94-04c1-424b-9868-57a2d4851a1d" relativeResultsDirectory="f443f44f-1286-4f22-ad3b-5c8d40953fef" />
    <UnitTestResult executionId="a73ef9a2-4b9f-439a-bc1e-8da46c411236" testId="b3e29ac1-ab83-6973-3d51-f4064ff02e2d" testName="InferenceWeb.Tests.GlmDsaTinyModelTests.Glm5Next_OutputParser_ThinkTrue_Unchanged" computerName="d71188ba1e2e" duration="00:00:00.0002722" startTime="2026-09-17T14:27:00.5262696+00:00" endTime="2026-09-17T14:27:00.5264933+00:00" testType="13cdc9d9-ddb5-4fa4-a97d-d965ccfc6d4b" outcome="Passed" testListId="8c84fa94-04c1-424b-9868-57a2d4851a1d" relativeResultsDirectory="a73ef9a2-4b9f-439a-bc1e-8da46c411236" />
    <UnitTestResult executionId="9bddff99-cf99-477f-b5a7-50088c43689e" testId="f16ecbc8-1348-85f1-6ceb-d73b1baf45da" testName="InferenceWeb.Tests.Glm4TokenizerParityTests.PreTokenizer_MatchesTheReferenceSplitOnEveryCase(pre: &quot;chatglm-bpe&quot;)" computerName="d71188ba1e2e" duration="00:00:00.0119024" startTime="2026-09-17T14:26:59.7489212+00:00" endTime="2026-09-17T14:26:59.7605693+00:00" testType="13cdc9d9-ddb5-4fa4-a97d-d965ccfc6d4b" outcome="Passed" testListId="8c84fa94-04c1-424b-9868-57a2d4851a1d" relativeResultsDirectory="9bddff99-cf99-477f-b5a7-50088c43689e" />
    <UnitTestResult executionId="071507f3-fa41-468a-a7e5-773896abb86d" testId="5b4bdd36-ed1e-b59c-48d0-3cda846e7d50" testName="InferenceWeb.Tests.MuseGlimmerRegressionTests.PreTokenizer_Gpt4oFamily_SharesTheGpt4oPattern(pre: &quot;llama4&quot;)" computerName="d71188ba1e2e" duration="00:00:00.0001000" startTime="2026-09-17T14:26:59.4571012+00:00" endTime="2026-09-17T14:26:59.4572110+00:00" testType="13cdc9d9-ddb5-4fa4-a97d-d965ccfc6d4b" outcome="Passed" testListId="8c84fa94-04c1-424b-9868-57a2d4851a1d" relativeResultsDirectory="071507f3-fa41-468a-a7e5-773896abb86d" />
    <UnitTestResult executionId="bece4d52-3ce1-4e6e-a6dc-32d4eed7a12f" testId="4a8f8971-c91d-63a3-a4df-976c85bc0837" testName="InferenceWeb.Tests.GlmDsaTinyModelTests.GlmDsa_Quantized_MatchesLlamaCpp" computerName="d71188ba1e2e" duration="00:00:00.1226137" startTime="2026-09-17T14:27:00.6847087+00:00" endTime="2026-09-17T14:27:00.8071668+00:00" testType="13cdc9d9-ddb5-4fa4-a97d-d965ccfc6d4b" outcome="Passed" testListId="8c84fa94-04c1-424b-9868-57a2d4851a1d" relativeResultsDirectory="bece4d52-3ce1-4e6e-a6dc-32d4eed7a12f" />
    <UnitTestResult executionId="053ed628-556a-4745-84d1-4646b3e78844" testId="cb4282f7-d66d-09e3-594c-afbeb722b13c" testName="InferenceWeb.Tests.BpeTokenizerTests.UsesSentencePieceTokenizer_DispatchesProductionTokenizerFamily(tokenizerModel: &quot;t5&quot;, expected: True)" computerName="d71188ba1e2e" duration="00:00:00.0024426" startTime="2026-09-17T14:27:00.8623461+00:00" endTime="2026-09-17T14:27:00.8645803+00:00" testType="13cdc9d9-ddb5-4fa4-a97d-d965ccfc6d4b" outcome="Passed" testListId="8c84fa94-04c1-424b-9868-57a2d4851a1d" relativeResultsDirectory="053ed628-556a-4745-84d1-4646b3e78844" />
    <UnitTestResult executionId="bafcfa80-f5b2-4dc4-93bc-260917b1e128" testId="0a3c1104-d989-b577-0fbc-a1f8a4487e29" testName="InferenceWeb.Tests.MuseGlimmerRegressionTests.InjectMultimodalTokens_EveryVisionArchEmitsAMarker(architecture: &quot;muse-glimmer&quot;, expectedMarker: &quot;&lt;|patch|&gt;&quot;)" computerName="d71188ba1e2e" duration="00:00:00.0009997" startTime="2026-09-17T14:26:59.4449747+00:00" endTime="2026-09-17T14:26:59.4451109+00:00" testType="13cdc9d9-ddb5-4fa4-a97d-d965ccfc6d4b" outcome="Passed" testListId="8c84fa94-04c1-424b-9868-57a2d4851a1d" relativeResultsDirectory="bafcfa80-f5b2-4dc4-93bc-260917b1e128" />
    <UnitTestResult executionId="bf8e4d17-d781-467b-bc92-28d606fa49f3" testId="66e907ec-977c-c934-ebf5-933aa65c231f" testName="InferenceWeb.Tests.GlmDsaTinyModelTests.Glm5Next_OutputParser_ThinkFalse_JsonStringMarkersAreContent(json: &quot;{\&quot;text\&quot;:\&quot;escaped \\\&quot; quote &lt;/think&gt;\&quot;,\&quot;path\&quot;&quot;···)" computerName="d71188ba1e2e" duration="00:00:00.0007115" startTime="2026-09-17T14:26:59.8208195+00:00" endTime="2026-09-17T14:26:59.8211478+00:00" testType="13cdc9d9-ddb5-4fa4-a97d-d965ccfc6d4b" outcome="Passed" testListId="8c84fa94-04c1-424b-9868-57a2d4851a1d" relativeResultsDirectory="bf8e4d17-d781-467b-bc92-28d606fa49f3" />
    <UnitTestResult executionId="22448c70-0b60-42d1-9086-cd709252112d" testId="7f57bba1-0107-94c1-1897-4925932bf40b" testName="InferenceWeb.Tests.BpeTokenizerTests.ResolveEogTokenIds_UsesOnlyDeclaredEndOfTurnId" computerName="d71188ba1e2e" duration="00:00:00.0010024" startTime="2026-09-17T14:27:00.8914636+00:00" endTime="2026-09-17T14:27:00.8921067+00:00" testType="13cdc9d9-ddb5-4fa4-a97d-d965ccfc6d4b" outcome="Passed" testListId="8c84fa94-04c1-424b-9868-57a2d4851a1d" relativeResultsDirectory="22448c70-0b60-42d1-9086-cd709252112d" />
    <UnitTestResult executionId="512205b8-ce78-4f69-8ab0-1972563c5311" testId="13f05968-e79c-cc22-dead-df6fe344ef37" testName="InferenceWeb.Tests.MuseGlimmerRegressionTests.InjectMultimodalTokens_EveryVisionArchEmitsAMarker(architecture: &quot;mistral3&quot;, expectedMarker: &quot;[IMG]&quot;)" computerName="d71188ba1e2e" duration="00:00:00.0004016" startTime="2026-09-17T14:26:59.4458120+00:00" endTime="2026-09-17T14:26:59.4459080+00:00" testType="13cdc9d9-ddb5-4fa4-a97d-d965ccfc6d4b" outcome="Passed" testListId="8c84fa94-04c1-424b-9868-57a2d4851a1d" relativeResultsDirectory="512205b8-ce78-4f69-8ab0-1972563c5311" />
    <UnitTestResult executionId="d29b4d6d-2130-4786-baaf-e8fd4951925f" testId="1cadca4d-921f-b4cc-be77-884e41ab4b84" testName="InferenceWeb.Tests.MuseGlimmerRegressionTests.InjectMultimodalTokens_MuseGlimmer_TextOnlyMessageIsUntouched" computerName="d71188ba1e2e" duration="00:00:00.0095399" startTime="2026-09-17T14:26:59.4312050+00:00" endTime="2026-09-17T14:26:59.4341499+00:00" testType="13cdc9d9-ddb5-4fa4-a97d-d965ccfc6d4b" outcome="Passed" testListId="8c84fa94-04c1-424b-9868-57a2d4851a1d" relativeResultsDirectory="d29b4d6d-2130-4786-baaf-e8fd4951925f" />
    <UnitTestResult executionId="05911b16-7cc9-4bac-b330-429f6c8b2584" testId="cf776f8a-7b7d-b6d8-6144-22d1a522e3f9" testName="InferenceWeb.Tests.MuseGlimmerRegressionTests.PreTokenizer_Gpt4oFamily_KeepsMultiDigitRunsTogether(pre: &quot;gpt-4o&quot;)" computerName="d71188ba1e2e" duration="00:00:00.0006535" startTime="2026-09-17T14:26:59.4470297+00:00" endTime="2026-09-17T14:26:59.4471000+00:00" testType="13cdc9d9-ddb5-4fa4-a97d-d965ccfc6d4b" outcome="Passed" testListId="8c84fa94-04c1-424b-9868-57a2d4851a1d" relativeResultsDirectory="05911b16-7cc9-4bac-b330-429f6c8b2584" />
    <UnitTestResult executionId="48624812-fbe4-48b5-bd33-cedcb622f106" testId="23ab6493-9e84-01f4-9d71-928527990201" testName="InferenceWeb.Tests.Glm4TokenizerParityTests.PreTokenizer_MatchesTheReferenceSplitOnEveryCase(pre: &quot;glm4&quot;)" computerName="d71188ba1e2e" duration="00:00:00.0112843" startTime="2026-09-17T14:26:59.7608261+00:00" endTime="2026-09-17T14:26:59.7719792+00:00" testType="13cdc9d9-ddb5-4fa4-a97d-d965ccfc6d4b" outcome="Passed" testListId="8c84fa94-04c1-424b-9868-57a2d4851a1d" relativeResultsDirectory="48624812-fbe4-48b5-bd33-cedcb622f106" />
    <UnitTestResult executionId="f0772c75-7544-450c-bbb2-1ab79392896f" testId="351d0e51-38ae-8395-fa8a-adc9bc2cf264" testName="InferenceWeb.Tests.GlmDsaTinyModelTests.GlmDsa_ChunkedPrefill_MatchesSingleShot(chunk: 64)" computerName="d71188ba1e2e" duration="00:00:00.0839342" startTime="2026-09-17T14:27:00.3186198+00:00" endTime="2026-09-17T14:27:00.4024007+00:00" testType="13cdc9d9-ddb5-4fa4-a97d-d965ccfc6d4b" outcome="Passed" testListId="8c84fa94-04c1-424b-9868-57a2d4851a1d" relativeResultsDirectory="f0772c75-7544-450c-bbb2-1ab79392896f" />
    <UnitTestResult executionId="2f9f3a24-6b0b-4a83-8f80-5dc32d320d68" testId="307c9588-fb5b-30b8-8d68-0ec0461c041e" testName="InferenceWeb.Tests.GlmDsaTinyModelTests.GlmDsa_LongerSparsePrompt_MatchesLlamaCpp" computerName="d71188ba1e2e" duration="00:00:00.0759089" startTime="2026-09-17T14:27:00.5273000+00:00" endTime="2026-09-17T14:27:00.6017229+00:00" testType="13cdc9d9-ddb5-4fa4-a97d-d965ccfc6d4b" outcome="Passed" testListId="8c84fa94-04c1-424b-9868-57a2d4851a1d" relativeResultsDirectory="2f9f3a24-6b0b-4a83-8f80-5dc32d320d68" />
    <UnitTestResult executionId="1522ccf1-efe1-4fa1-9af7-453bc6d7dd7b" testId="d2b7591f-cb33-f9ee-6498-e817fc7701d5" testName="InferenceWeb.Tests.BpeTokenizerTests.UsesSentencePieceTokenizer_DispatchesProductionTokenizerFamily(tokenizerModel: &quot;llama&quot;, expected: True)" computerName="d71188ba1e2e" duration="00:00:00.0000040" startTime="2026-09-17T14:27:00.8669378+00:00" endTime="2026-09-17T14:27:00.8670644+00:00" testType="13cdc9d9-ddb5-4fa4-a97d-d965ccfc6d4b" outcome="Passed" testListId="8c84fa94-04c1-424b-9868-57a2d4851a1d" relativeResultsDirectory="1522ccf1-efe1-4fa1-9af7-453bc6d7dd7b" />
    <UnitTestResult executionId="49f9f0a1-7b43-48b3-99f2-6b3836c512af" testId="1a869902-0daf-22ce-5de3-53b7fd2de380" testName="InferenceWeb.Tests.GlmDsaTinyModelTests.GlmDsa_OutputParser_SplitsThinkingContentAndToolCalls" computerName="d71188ba1e2e" duration="00:00:00.0021475" startTime="2026-09-17T14:26:59.8233912+00:00" endTime="2026-09-17T14:26:59.8237278+00:00" testType="13cdc9d9-ddb5-4fa4-a97d-d965ccfc6d4b" outcome="Passed" testListId="8c84fa94-04c1-424b-9868-57a2d4851a1d" relativeResultsDirectory="49f9f0a1-7b43-48b3-99f2-6b3836c512af" />
    <UnitTestResult executionId="a223bc7a-dc90-4cb3-a0b6-fe32b2dda9a6" testId="a08f7776-9409-2c97-f1ac-4d32da05addb" testName="InferenceWeb.Tests.BpeTokenizerTests.Encode_Gemma4UsesRankedBpeOverRawUnicodeAndEscapedSpaces" computerName="d71188ba1e2e" duration="00:00:00.0052217" startTime="2026-09-17T14:27:00.8990596+00:00" endTime="2026-09-17T14:27:00.9039653+00:00" testType="13cdc9d9-ddb5-4fa4-a97d-d965ccfc6d4b" outcome="Passed" testListId="8c84fa94-04c1-424b-9868-57a2d4851a1d" relativeResultsDirectory="a223bc7a-dc90-4cb3-a0b6-fe32b2dda9a6" />
    <UnitTestResult executionId="304bb8b9-bce4-4360-8aa5-443d92fbf17c" testId="4ddab774-7b71-70f1-d754-2f5a63a5a544" testName="InferenceWeb.Tests.GlmDsaTinyModelTests.GlmDsa_SparsePrompt_MatchesLlamaCpp" computerName="d71188ba1e2e" duration="00:00:00.0692127" startTime="2026-09-17T14:27:00.6154132+00:00" endTime="2026-09-17T14:27:00.6843107+00:00" testType="13cdc9d9-ddb5-4fa4-a97d-d965ccfc6d4b" outcome="Passed" testListId="8c84fa94-04c1-424b-9868-57a2d4851a1d" relativeResultsDirectory="304bb8b9-bce4-4360-8aa5-443d92fbf17c" />
    <UnitTestResult executionId="dd68034d-0e84-45a7-873d-2ac7d4ed3960" testId="ba2f4566-d798-1d7f-8ed2-afd0bbc5a71d" testName="InferenceWeb.Tests.BpeTokenizerTests.Encode_RequeuesChangedPairAtItsCurrentRank" computerName="d71188ba1e2e" duration="00:00:00.0062669" startTime="2026-09-17T14:27:00.8673790+00:00" endTime="2026-09-17T14:27:00.8714471+00:00" testType="13cdc9d9-ddb5-4fa4-a97d-d965ccfc6d4b" outcome="Passed" testListId="8c84fa94-04c1-424b-9868-57a2d4851a1d" relativeResultsDirectory="dd68034d-0e84-45a7-873d-2ac7d4ed3960" />
    <UnitTestResult executionId="7957f25f-734d-4774-aae7-cc8c84b0b738" testId="18ede5ac-0df9-0bfd-00cb-c0d3be2499cc" testName="InferenceWeb.Tests.BpeTokenizerTests.ResolveAddBosToken_ForcesGemma4BosWithoutTemplateMarker" computerName="d71188ba1e2e" duration="00:00:00.0000852" startTime="2026-09-17T14:27:00.8573828+00:00" endTime="2026-09-17T14:27:00.8575154+00:00" testType="13cdc9d9-ddb5-4fa4-a97d-d965ccfc6d4b" outcome="Passed" testListId="8c84fa94-04c1-424b-9868-57a2d4851a1d" relativeResultsDirectory="7957f25f-734d-4774-aae7-cc8c84b0b738" />
    <UnitTestResult executionId="74c9743c-0672-4cfe-a3bf-f9bf58c271e4" testId="08102d9d-24f3-ca98-c56f-3aa6335ea093" testName="InferenceWeb.Tests.BpeTokenizerTests.Encode_Qwen35CombiningMarkRuleDoesNotChangeDefaultTokenizer" computerName="d71188ba1e2e" duration="00:00:00.0062163" startTime="2026-09-17T14:27:00.8851067+00:00" endTime="2026-09-17T14:27:00.8910596+00:00" testType="13cdc9d9-ddb5-4fa4-a97d-d965ccfc6d4b" outcome="Passed" testListId="8c84fa94-04c1-424b-9868-57a2d4851a1d" relativeResultsDirectory="74c9743c-0672-4cfe-a3bf-f9bf58c271e4" />
    <UnitTestResult executionId="f57a8bc0-9204-4920-ab2e-212326ef7ca9" testId="2e858603-94cb-907a-53f8-4c0172fd6c7b" testName="InferenceWeb.Tests.GlmDsaTinyModelTests.Glm5Next_FallbackRenderer_AlwaysOpensThinking_SoThinkFalseAnswersStayContent(enableThinking: True)" computerName="d71188ba1e2e" duration="00:00:00.0022944" startTime="2026-09-17T14:27:00.6021353+00:00" endTime="2026-09-17T14:27:00.6041422+00:00" testType="13cdc9d9-ddb5-4fa4-a97d-d965ccfc6d4b" outcome="Passed" testListId="8c84fa94-04c1-424b-9868-57a2d4851a1d" relativeResultsDirectory="f57a8bc0-9204-4920-ab2e-212326ef7ca9" />
    <UnitTestResult executionId="8120d084-c495-4f8f-a6f0-78a440882e90" testId="f446c920-3bcb-07b1-026c-9aa8eba7bc9c" testName="InferenceWeb.Tests.GlmDsaTinyModelTests.GlmDsa_ChunkedPrefill_MatchesSingleShot(chunk: 3)" computerName="d71188ba1e2e" duration="00:00:00.2040470" startTime="2026-09-17T14:27:00.1147414+00:00" endTime="2026-09-17T14:27:00.3182997+00:00" testType="13cdc9d9-ddb5-4fa4-a97d-d965ccfc6d4b" outcome="Passed" testListId="8c84fa94-04c1-424b-9868-57a2d4851a1d" relativeResultsDirectory="8120d084-c495-4f8f-a6f0-78a440882e90" />
    <UnitTestResult executionId="84fb2401-c7c0-41fb-8f0d-2bb6e5582f29" testId="82dfef19-f141-476b-918b-b4f319c46274" testName="InferenceWeb.Tests.MuseGlimmerRegressionTests.InjectMultimodalTokens_MuseGlimmer_UnderscoreSpellingAlsoWorks" computerName="d71188ba1e2e" duration="00:00:00.0001319" startTime="2026-09-17T14:26:59.4586263+00:00" endTime="2026-09-17T14:26:59.4586999+00:00" testType="13cdc9d9-ddb5-4fa4-a97d-d965ccfc6d4b" outcome="Passed" testListId="8c84fa94-04c1-424b-9868-57a2d4851a1d" relativeResultsDirectory="84fb2401-c7c0-41fb-8f0d-2bb6e5582f29" />
    <UnitTestResult executionId="ffbc31a4-6b56-452a-86e1-e8065b05d833" testId="91918684-7707-b56c-01da-8dc324a4d199" testName="InferenceWeb.Tests.GlmDsaTinyModelTests.Glm5Next_OutputParser_ThinkFalse_UnclosedReplyIsTheAnswer" computerName="d71188ba1e2e" duration="00:00:00.0003178" startTime="2026-09-17T14:27:00.8529832+00:00" endTime="2026-09-17T14:27:00.8531983+00:00" testType="13cdc9d9-ddb5-4fa4-a97d-d965ccfc6d4b" outcome="Passed" testListId="8c84fa94-04c1-424b-9868-57a2d4851a1d" relativeResultsDirectory="ffbc31a4-6b56-452a-86e1-e8065b05d833" />
    <UnitTestResult executionId="bd0c434d-7266-4a54-91b2-e90ee0c6f9c5" testId="fedd477a-bff1-3a81-e853-08cf41180cd8" testName="InferenceWeb.Tests.GlmDsaTinyModelTests.Glm5Next_OutputParser_ThinkFalse_StreamedJsonAnswerIsContentAndPartialCloseTagIsHeld" computerName="d71188ba1e2e" duration="00:00:00.0006687" startTime="2026-09-17T14:26:59.8217072+00:00" endTime="2026-09-17T14:26:59.8220379+00:00" testType="13cdc9d9-ddb5-4fa4-a97d-d965ccfc6d4b" outcome="Passed" testListId="8c84fa94-04c1-424b-9868-57a2d4851a1d" relativeResultsDirectory="bd0c434d-7266-4a54-91b2-e90ee0c6f9c5" />
    <UnitTestResult executionId="84b8bf1a-1463-48aa-bb54-07c0235b070e" testId="7217cbae-b031-2506-0380-236ac073865d" testName="InferenceWeb.Tests.GlmDsaTinyModelTests.Glm_OutputParser_StreamedCharByChar_ToolCallAfterReasoningIsParsed(arch: &quot;glm5next&quot;, enableThinking: True)" computerName="d71188ba1e2e" duration="00:00:00.0004663" startTime="2026-09-17T14:26:59.8274098+00:00" endTime="2026-09-17T14:26:59.8277380+00:00" testType="13cdc9d9-ddb5-4fa4-a97d-d965ccfc6d4b" outcome="Passed" testListId="8c84fa94-04c1-424b-9868-57a2d4851a1d" relativeResultsDirectory="84b8bf1a-1463-48aa-bb54-07c0235b070e" />
    <UnitTestResult executionId="6c73602b-636b-4147-808f-13057b0c2022" testId="13d12492-71da-98be-0629-739284739629" testName="InferenceWeb.Tests.GlmDsaTinyModelTests.Glm5Next_DeclaresAThinkingGrammarTrigger" computerName="d71188ba1e2e" duration="00:00:00.0005968" startTime="2026-09-17T14:26:59.9501254+00:00" endTime="2026-09-17T14:26:59.9504078+00:00" testType="13cdc9d9-ddb5-4fa4-a97d-d965ccfc6d4b" outcome="Passed" testListId="8c84fa94-04c1-424b-9868-57a2d4851a1d" relativeResultsDirectory="6c73602b-636b-4147-808f-13057b0c2022" />
    <UnitTestResult executionId="e3eb7670-0de5-48dc-baf2-0664f776c2f2" testId="2e826c11-aace-6239-d53e-8c629f654d9f" testName="InferenceWeb.Tests.BpeTokenizerTests.ResolveEogTokenIds_FoldsDeclaredEndOfMessageId" computerName="d71188ba1e2e" duration="00:00:00.0002550" startTime="2026-09-17T14:27:00.9057975+00:00" endTime="2026-09-17T14:27:00.9059329+00:00" testType="13cdc9d9-ddb5-4fa4-a97d-d965ccfc6d4b" outcome="Passed" testListId="8c84fa94-04c1-424b-9868-57a2d4851a1d" relativeResultsDirectory="e3eb7670-0de5-48dc-baf2-0664f776c2f2" />
    <UnitTestResult executionId="4f05dc81-918e-4a63-8724-37bcc1891e07" testId="8cf3a4a2-812f-30dd-30cf-d1153dc17525" testName="InferenceWeb.Tests.GlmDsaTinyModelTests.Glm_OutputParser_StreamedCharByChar_ToolCallAfterReasoningIsParsed(arch: &quot;glm5next&quot;, enableThinking: False)" computerName="d71188ba1e2e" duration="00:00:00.0007458" startTime="2026-09-17T14:26:59.8242099+00:00" endTime="2026-09-17T14:26:59.8245313+00:00" testType="13cdc9d9-ddb5-4fa4-a97d-d965ccfc6d4b" outcome="Passed" testListId="8c84fa94-04c1-424b-9868-57a2d4851a1d" relativeResultsDirectory="4f05dc81-918e-4a63-8724-37bcc1891e07" />
    <UnitTestResult executionId="796c612f-de89-4f8f-b61a-f8bff71254bf" testId="64048051-3bf8-a995-8c41-225ba0f78c8b" testName="InferenceWeb.Tests.MuseGlimmerRegressionTests.ImageGeometry_IosPortrait_UsesBoundedReferenceGrid" computerName="d71188ba1e2e" duration="00:00:00.0063378" startTime="2026-09-17T14:26:59.4472832+00:00" endTime="2026-09-17T14:26:59.4486323+00:00" testType="13cdc9d9-ddb5-4fa4-a97d-d965ccfc6d4b" outcome="Passed" testListId="8c84fa94-04c1-424b-9868-57a2d4851a1d" relativeResultsDirectory="796c612f-de89-4f8f-b61a-f8bff71254bf" />
    <UnitTestResult executionId="1b75bed7-5e56-4c1f-acf2-c07ce862ea5a" testId="899ee396-d816-2a5c-a56e-3d0259d24191" testName="InferenceWeb.Tests.MuseGlimmerRegressionTests.InjectMultimodalTokens_EveryVisionArchEmitsAMarker(architecture: &quot;qwen35&quot;, expectedMarker: &quot;&lt;|vision_start|&gt;&lt;|image_pad|&gt;&lt;|vision_end|&gt;&quot;)" computerName="d71188ba1e2e" duration="00:00:00.0021064" startTime="2026-09-17T14:26:59.4462795+00:00" endTime="2026-09-17T14:26:59.4463526+00:00" testType="13cdc9d9-ddb5-4fa4-a97d-d965ccfc6d4b" outcome="Passed" testListId="8c84fa94-04c1-424b-9868-57a2d4851a1d" relativeResultsDirectory="1b75bed7-5e56-4c1f-acf2-c07ce862ea5a" />
    <UnitTestResult executionId="e861ada6-6ae5-464f-8708-3303a70ef45e" testId="9021e26e-d258-ba6a-84da-3fc09a4d5878" testName="InferenceWeb.Tests.GlmDsaTinyModelTests.GlmDsa_ChunkedPrefill_MatchesSingleShot(chunk: 16)" computerName="d71188ba1e2e" duration="00:00:00.1637449" startTime="2026-09-17T14:26:59.9508411+00:00" endTime="2026-09-17T14:27:00.1141896+00:00" testType="13cdc9d9-ddb5-4fa4-a97d-d965ccfc6d4b" outcome="Passed" testListId="8c84fa94-04c1-424b-9868-57a2d4851a1d" relativeResultsDirectory="e861ada6-6ae5-464f-8708-3303a70ef45e" />
    <UnitTestResult executionId="f16a4c44-5159-4dbb-aee6-35fc933eba61" testId="b295ab53-0552-02cd-0d1c-f4d3cb58fed2" testName="InferenceWeb.Tests.GlmDsaTinyModelTests.GlmDsa_OutputParser_ThinkFalse_StillStartsInContent" computerName="d71188ba1e2e" duration="00:00:00.0002578" startTime="2026-09-17T14:26:59.8225562+00:00" endTime="2026-09-17T14:26:59.8228893+00:00" testType="13cdc9d9-ddb5-4fa4-a97d-d965ccfc6d4b" outcome="Passed" testListId="8c84fa94-04c1-424b-9868-57a2d4851a1d" relativeResultsDirectory="f16a4c44-5159-4dbb-aee6-35fc933eba61" />
    <UnitTestResult executionId="da1ca5a1-4085-477e-956f-781ce48b9d41" testId="1069da5b-e56a-345e-abac-251eba0f971d" testName="InferenceWeb.Tests.BpeTokenizerTests.ResolveEogTokenIds_IncludesBothQwenControlEndings" computerName="d71188ba1e2e" duration="00:00:00.0007862" startTime="2026-09-17T14:27:00.8615017+00:00" endTime="2026-09-17T14:27:00.8620225+00:00" testType="13cdc9d9-ddb5-4fa4-a97d-d965ccfc6d4b" outcome="Passed" testListId="8c84fa94-04c1-424b-9868-57a2d4851a1d" relativeResultsDirectory="da1ca5a1-4085-477e-956f-781ce48b9d41" />
    <UnitTestResult executionId="a70cf45d-205e-47ce-a047-be3ba3d2ba63" testId="72ec60f7-59c0-0271-f283-5a858a950d73" testName="InferenceWeb.Tests.BpeTokenizerTests.Encode_Gemma4FallsBackToRawUtf8ByteTokens" computerName="d71188ba1e2e" duration="00:00:00.0020941" startTime="2026-09-17T14:27:00.8593218+00:00" endTime="2026-09-17T14:27:00.8611684+00:00" testType="13cdc9d9-ddb5-4fa4-a97d-d965ccfc6d4b" outcome="Passed" testListId="8c84fa94-04c1-424b-9868-57a2d4851a1d" relativeResultsDirectory="a70cf45d-205e-47ce-a047-be3ba3d2ba63" />
    <UnitTestResult executionId="3ce96548-16e3-45c6-8a7d-0250af34ac0f" testId="0e30f58f-0468-c89a-f230-3ae7cc232a82" testName="InferenceWeb.Tests.BpeTokenizerTests.ResolveEogTokenIds_AppliesLlamaHarmonyAndGemmaWorkarounds" computerName="d71188ba1e2e" duration="00:00:00.0003432" startTime="2026-09-17T14:27:00.8784663+00:00" endTime="2026-09-17T14:27:00.8785869+00:00" testType="13cdc9d9-ddb5-4fa4-a97d-d965ccfc6d4b" outcome="Passed" testListId="8c84fa94-04c1-424b-9868-57a2d4851a1d" relativeResultsDirectory="3ce96548-16e3-45c6-8a7d-0250af34ac0f" />
    <UnitTestResult executionId="7496482c-e627-406e-ae06-91186aca7e03" testId="1953b47a-bc11-c99d-fa2b-a4c0efc7dd11" testName="InferenceWeb.Tests.BpeTokenizerTests.UsesSentencePieceTokenizer_DispatchesProductionTokenizerFamily(tokenizerModel: &quot;gpt2&quot;, expected: False)" computerName="d71188ba1e2e" duration="00:00:00.0003404" startTime="2026-09-17T14:27:00.8648461+00:00" endTime="2026-09-17T14:27:00.8649686+00:00" testType="13cdc9d9-ddb5-4fa4-a97d-d965ccfc6d4b" outcome="Passed" testListId="8c84fa94-04c1-424b-9868-57a2d4851a1d" relativeResultsDirectory="7496482c-e627-406e-ae06-91186aca7e03" />
    <UnitTestResult executionId="2556adfd-079f-4a44-b4ff-8bd151f4a26c" testId="4662e0b1-6aa8-6659-6099-9e76face3a5d" testName="InferenceWeb.Tests.BpeTokenizerTests.UsesSentencePieceTokenizer_DispatchesProductionTokenizerFamily(tokenizerModel: &quot;gemma4&quot;, expected: False)" computerName="d71188ba1e2e" duration="00:00:00.0000081" startTime="2026-09-17T14:27:00.8651855+00:00" endTime="2026-09-17T14:27:00.8653010+00:00" testType="13cdc9d9-ddb5-4fa4-a97d-d965ccfc6d4b" outcome="Passed" testListId="8c84fa94-04c1-424b-9868-57a2d4851a1d" relativeResultsDirectory="2556adfd-079f-4a44-b4ff-8bd151f4a26c" />
    <UnitTestResult executionId="57d267ae-67ef-4b88-b3e7-8c3e96d62b21" testId="f4c51d38-9cdb-a378-ab94-452fc90d6183" testName="InferenceWeb.Tests.GlmDsaTinyModelTests.Glm5Next_OutputParser_ThinkFalse_JsonStringMarkersAreContent(json: &quot;{\&quot;text\&quot;:\&quot;&lt;/think&gt;&lt;tool_call&gt;literal&lt;/tool_call&gt;&quot;···)" computerName="d71188ba1e2e" duration="00:00:00.0026473" startTime="2026-09-17T14:26:59.8161051+00:00" endTime="2026-09-17T14:26:59.8203167+00:00" testType="13cdc9d9-ddb5-4fa4-a97d-d965ccfc6d4b" outcome="Passed" testListId="8c84fa94-04c1-424b-9868-57a2d4851a1d" relativeResultsDirectory="57d267ae-67ef-4b88-b3e7-8c3e96d62b21" />
    <UnitTestResult executionId="bb56e95c-11ad-4b24-acdc-df9305944153" testId="4dc01418-b9d1-d6b0-951e-bd30d810b3a5" testName="InferenceWeb.Tests.GlmDsaTinyModelTests.Glm_OutputParser_StreamedCharByChar_ToolCallAfterReasoningIsParsed(arch: &quot;glm-dsa&quot;, enableThinking: True)" computerName="d71188ba1e2e" duration="00:00:00.0001837" startTime="2026-09-17T14:26:59.8280995+00:00" endTime="2026-09-17T14:26:59.8283933+00:00" testType="13cdc9d9-ddb5-4fa4-a97d-d965ccfc6d4b" outcome="Passed" testListId="8c84fa94-04c1-424b-9868-57a2d4851a1d" relativeResultsDirectory="bb56e95c-11ad-4b24-acdc-df9305944153" />
    <UnitTestResult executionId="a2bf1879-50fe-422a-a34b-6f9a46fdd5e3" testId="7af9a7d2-3594-47e8-4bf0-2eefa13e49e6" testName="InferenceWeb.Tests.MuseGlimmerRegressionTests.PreTokenizer_Glm4_KeepsDigitRunsOfUpToThree(pre: &quot;glm4&quot;)" computerName="d71188ba1e2e" duration="00:00:00.0003578" startTime="2026-09-17T14:26:59.4581008+00:00" endTime="2026-09-17T14:26:59.4581822+00:00" testType="13cdc9d9-ddb5-4fa4-a97d-d965ccfc6d4b" outcome="Passed" testListId="8c84fa94-04c1-424b-9868-57a2d4851a1d" relativeResultsDirectory="a2bf1879-50fe-422a-a34b-6f9a46fdd5e3" />
    <UnitTestResult executionId="75dff7bc-3093-4329-b7a4-d0d19f2f2355" testId="32a98c3b-410c-9fb5-ec9b-d59b9cefec8f" testName="InferenceWeb.Tests.GlmDsaTinyModelTests.Glm5Next_FallbackRenderer_AlwaysOpensThinking_SoThinkFalseAnswersStayContent(enableThinking: False)" computerName="d71188ba1e2e" duration="00:00:00.0004635" startTime="2026-09-17T14:27:00.6044634+00:00" endTime="2026-09-17T14:27:00.6046655+00:00" testType="13cdc9d9-ddb5-4fa4-a97d-d965ccfc6d4b" outcome="Passed" testListId="8c84fa94-04c1-424b-9868-57a2d4851a1d" relativeResultsDirectory="75dff7bc-3093-4329-b7a4-d0d19f2f2355" />
    <UnitTestResult executionId="601d07e9-f755-4dff-9414-63814b9d8c47" testId="8278813c-7b0b-efce-2597-beaffdd969f8" testName="InferenceWeb.Tests.MuseGlimmerRegressionTests.PreTokenizer_Gpt4oFamily_SharesTheGpt4oPattern(pre: &quot;talkie&quot;)" computerName="d71188ba1e2e" duration="00:00:00.0002150" startTime="2026-09-17T14:26:59.4573946+00:00" endTime="2026-09-17T14:26:59.4574839+00:00" testType="13cdc9d9-ddb5-4fa4-a97d-d965ccfc6d4b" outcome="Passed" testListId="8c84fa94-04c1-424b-9868-57a2d4851a1d" relativeResultsDirectory="601d07e9-f755-4dff-9414-63814b9d8c47" />
    <UnitTestResult executionId="e2d5d110-eeec-481b-bd98-4a0992de8e04" testId="da08b014-c559-de4f-f189-e8e889935e33" testName="InferenceWeb.Tests.BpeTokenizerTests.Encode_ParsesNormalTypedEogMarkerAsSpecialToken" computerName="d71188ba1e2e" duration="00:00:00.0067308" startTime="2026-09-17T14:27:00.8536895+00:00" endTime="2026-09-17T14:27:00.8569488+00:00" testType="13cdc9d9-ddb5-4fa4-a97d-d965ccfc6d4b" outcome="Passed" testListId="8c84fa94-04c1-424b-9868-57a2d4851a1d" relativeResultsDirectory="e2d5d110-eeec-481b-bd98-4a0992de8e04" />
    <UnitTestResult executionId="ce245e16-81a4-4f6f-a648-1865bf0beab9" testId="fbeb0308-9ebe-d1b1-bde6-a43d78de3b66" testName="InferenceWeb.Tests.GlmDsaTinyModelTests.GlmDsa_ChatTemplate_MatchesModelFormat" computerName="d71188ba1e2e" duration="00:00:00.0008041" startTime="2026-09-17T14:27:00.5268169+00:00" endTime="2026-09-17T14:27:00.5269974+00:00" testType="13cdc9d9-ddb5-4fa4-a97d-d965ccfc6d4b" outcome="Passed" testListId="8c84fa94-04c1-424b-9868-57a2d4851a1d" relativeResultsDirectory="ce245e16-81a4-4f6f-a648-1865bf0beab9" />
    <UnitTestResult executionId="c29ca1fe-00e9-4d9e-819d-59432ba4696c" testId="5c170fc7-804f-b4c8-d9c7-b2f0e2564a12" testName="InferenceWeb.Tests.GlmDsaTinyModelTests.GlmDsa_SharedIndexerLayers_Run" computerName="d71188ba1e2e" duration="00:00:00.0420412" startTime="2026-09-17T14:27:00.8075990+00:00" endTime="2026-09-17T14:27:00.8499691+00:00" testType="13cdc9d9-ddb5-4fa4-a97d-d965ccfc6d4b" outcome="Passed" testListId="8c84fa94-04c1-424b-9868-57a2d4851a1d" relativeResultsDirectory="c29ca1fe-00e9-4d9e-819d-59432ba4696c">
      <Output>
        <StdOut>shared-indexer continuation: 84 29 35 31</StdOut>
      </Output>
    </UnitTestResult>
    <UnitTestResult executionId="1c1d85fc-8ef9-4306-aa80-2343593a07c7" testId="8eb895fc-f02d-72f9-53f9-68abd3e2c043" testName="InferenceWeb.Tests.MuseGlimmerRegressionTests.InjectMultimodalTokens_EveryVisionArchEmitsAMarker(architecture: &quot;gemma4&quot;, expectedMarker: &quot;&lt;|image&gt;&quot;)" computerName="d71188ba1e2e" duration="00:00:00.0006895" startTime="2026-09-17T14:26:59.4460632+00:00" endTime="2026-09-17T14:26:59.4461361+00:00" testType="13cdc9d9-ddb5-4fa4-a97d-d965ccfc6d4b" outcome="Passed" testListId="8c84fa94-04c1-424b-9868-57a2d4851a1d" relativeResultsDirectory="1c1d85fc-8ef9-4306-aa80-2343593a07c7" />
    <UnitTestResult executionId="9aa04932-d92c-4fcd-8434-200112f2dbf7" testId="7a4de2a2-5f06-f50c-2b2a-93d3a98f5ca2" testName="InferenceWeb.Tests.MuseGlimmerRegressionTests.InjectMultimodalTokens_MuseGlimmer_EmitsOneMarkerPerImage" computerName="d71188ba1e2e" duration="00:00:00.0001973" startTime="2026-09-17T14:26:59.4465732+00:00" endTime="2026-09-17T14:26:59.4466488+00:00" testType="13cdc9d9-ddb5-4fa4-a97d-d965ccfc6d4b" outcome="Passed" testListId="8c84fa94-04c1-424b-9868-57a2d4851a1d" relativeResultsDirectory="9aa04932-d92c-4fcd-8434-200112f2dbf7" />
    <UnitTestResult executionId="8d3f78d8-1e2b-4de6-b1d4-3a1ad25190ec" testId="1f74ef6f-daab-b0b0-8be6-4c83e6692798" testName="InferenceWeb.Tests.MuseGlimmerRegressionTests.InjectMultimodalTokens_MuseGlimmer_EmitsPatchMarkerPerImage" computerName="d71188ba1e2e" duration="00:00:00.0009247" startTime="2026-09-17T14:26:59.4591455+00:00" endTime="2026-09-17T14:26:59.4592172+00:00" testType="13cdc9d9-ddb5-4fa4-a97d-d965ccfc6d4b" outcome="Passed" testListId="8c84fa94-04c1-424b-9868-57a2d4851a1d" relativeResultsDirectory="8d3f78d8-1e2b-4de6-b1d4-3a1ad25190ec" />
    <UnitTestResult executionId="a346e1bd-20c4-4583-bc91-25dee5f9c6c8" testId="d26b27c8-ab1e-f9e5-7e36-f959d71c5cc4" testName="InferenceWeb.Tests.BpeTokenizerTests.Encode_ParsesNormalTypedEogMarkerForDefaultBpeTokenizer" computerName="d71188ba1e2e" duration="00:00:00.0061213" startTime="2026-09-17T14:27:00.8788713+00:00" endTime="2026-09-17T14:27:00.8847077+00:00" testType="13cdc9d9-ddb5-4fa4-a97d-d965ccfc6d4b" outcome="Passed" testListId="8c84fa94-04c1-424b-9868-57a2d4851a1d" relativeResultsDirectory="a346e1bd-20c4-4583-bc91-25dee5f9c6c8" />
    <UnitTestResult executionId="d79fe1cf-a5dd-44e8-80d0-9dfae07a515e" testId="2b7016f4-3b95-ac48-3b8d-e50f3233ec17" testName="InferenceWeb.Tests.GlmDsaTinyModelTests.GlmDsa_LoadsAndReportsArchitecture" computerName="d71188ba1e2e" duration="00:00:00.1248558" startTime="2026-09-17T14:26:59.8288426+00:00" endTime="2026-09-17T14:26:59.9495714+00:00" testType="13cdc9d9-ddb5-4fa4-a97d-d965ccfc6d4b" outcome="Passed" testListId="8c84fa94-04c1-424b-9868-57a2d4851a1d" relativeResultsDirectory="d79fe1cf-a5dd-44e8-80d0-9dfae07a515e" />
    <UnitTestResult executionId="c6499568-ba7e-470e-a9a7-38bbc5e99999" testId="a4b11f13-32a1-6940-1a96-e2d613ef21cf" testName="InferenceWeb.Tests.GlmDsaTinyModelTests.Glm5Next_OutputParser_ThinkFalse_KeepsTheAlwaysOpenReasoningOutOfContent" computerName="d71188ba1e2e" duration="00:00:00.0101003" startTime="2026-09-17T14:27:00.6049892+00:00" endTime="2026-09-17T14:27:00.6149847+00:00" testType="13cdc9d9-ddb5-4fa4-a97d-d965ccfc6d4b" outcome="Passed" testListId="8c84fa94-04c1-424b-9868-57a2d4851a1d" relativeResultsDirectory="c6499568-ba7e-470e-a9a7-38bbc5e99999" />
    <UnitTestResult executionId="bbd68fea-2d68-4c33-b4eb-3aba55c0cc99" testId="af76451f-11d0-e6bc-d841-3769323fd88a" testName="InferenceWeb.Tests.BpeTokenizerTests.Encode_Qwen35KeepsCombiningMarksWithLetters" computerName="d71188ba1e2e" duration="00:00:00.0064626" startTime="2026-09-17T14:27:00.8718535+00:00" endTime="2026-09-17T14:27:00.8780483+00:00" testType="13cdc9d9-ddb5-4fa4-a97d-d965ccfc6d4b" outcome="Passed" testListId="8c84fa94-04c1-424b-9868-57a2d4851a1d" relativeResultsDirectory="bbd68fea-2d68-4c33-b4eb-3aba55c0cc99" />
    <UnitTestResult executionId="fb7d80d0-2d6f-4f6f-b116-4ea472e07fcf" testId="f396610e-2a87-93cd-7ad6-e0c431b405b3" testName="InferenceWeb.Tests.GlmDsaTinyModelTests.Glm5Next_OutputParser_ThinkFalse_JsonReasoningStillClosesOutsideStrings" computerName="d71188ba1e2e" duration="00:00:00.0004407" startTime="2026-09-17T14:27:00.5242783+00:00" endTime="2026-09-17T14:27:00.5244989+00:00" testType="13cdc9d9-ddb5-4fa4-a97d-d965ccfc6d4b" outcome="Passed" testListId="8c84fa94-04c1-424b-9868-57a2d4851a1d" relativeResultsDirectory="fb7d80d0-2d6f-4f6f-b116-4ea472e07fcf" />
    <UnitTestResult executionId="13e5c324-df94-41b7-8947-b4fcd2dd38a0" testId="444b62bc-66b3-3ab5-15a5-c006b73124a8" testName="InferenceWeb.Tests.MuseGlimmerRegressionTests.PreTokenizer_DefaultPattern_StillSplitsEveryDigit" computerName="d71188ba1e2e" duration="00:00:00.0002221" startTime="2026-09-17T14:26:59.4588962+00:00" endTime="2026-09-17T14:26:59.4589676+00:00" testType="13cdc9d9-ddb5-4fa4-a97d-d965ccfc6d4b" outcome="Passed" testListId="8c84fa94-04c1-424b-9868-57a2d4851a1d" relativeResultsDirectory="13e5c324-df94-41b7-8947-b4fcd2dd38a0" />
    <UnitTestResult executionId="3505ca17-fa52-4526-ad16-79a123ee020f" testId="23a5fd91-feeb-f1db-b3d3-4eb428010ecc" testName="InferenceWeb.Tests.BpeTokenizerTests.Encode_Gemma4PreservesKnownNewlineRuns" computerName="d71188ba1e2e" duration="00:00:00.0018016" startTime="2026-09-17T14:27:00.8578502+00:00" endTime="2026-09-17T14:27:00.8589786+00:00" testType="13cdc9d9-ddb5-4fa4-a97d-d965ccfc6d4b" outcome="Passed" testListId="8c84fa94-04c1-424b-9868-57a2d4851a1d" relativeResultsDirectory="3505ca17-fa52-4526-ad16-79a123ee020f" />
    <UnitTestResult executionId="78ace1b0-4ed8-4a20-8278-d0d14fed13f6" testId="5718b775-663f-b776-a188-2b5ab67c8e20" testName="InferenceWeb.Tests.MuseGlimmerRegressionTests.InjectMultimodalTokens_MuseGlimmer_UsesVideoMarkerForFrames" computerName="d71188ba1e2e" duration="00:00:00.0001881" startTime="2026-09-17T14:26:59.4583601+00:00" endTime="2026-09-17T14:26:59.4584374+00:00" testType="13cdc9d9-ddb5-4fa4-a97d-d965ccfc6d4b" outcome="Passed" testListId="8c84fa94-04c1-424b-9868-57a2d4851a1d" relativeResultsDirectory="78ace1b0-4ed8-4a20-8278-d0d14fed13f6" />
    <UnitTestResult executionId="51f384b2-dd79-4a99-8e43-1231253e807f" testId="558e7f20-6f0f-a64c-55cc-0c71bfad15c2" testName="InferenceWeb.Tests.MuseGlimmerRegressionTests.PreTokenizer_Gpt4oFamily_SharesTheGpt4oPattern(pre: &quot;kanana2&quot;)" computerName="d71188ba1e2e" duration="00:00:00.0000153" startTime="2026-09-17T14:26:59.4576327+00:00" endTime="2026-09-17T14:26:59.4577050+00:00" testType="13cdc9d9-ddb5-4fa4-a97d-d965ccfc6d4b" outcome="Passed" testListId="8c84fa94-04c1-424b-9868-57a2d4851a1d" relativeResultsDirectory="51f384b2-dd79-4a99-8e43-1231253e807f" />
    <UnitTestResult executionId="76130053-7bde-42fa-b454-6dc382d4f4f1" testId="e0b15e32-c148-420f-eced-4e4892e1a51a" testName="InferenceWeb.Tests.Glm4TokenizerParityTests.Encode_FromGlm5Gguf_MatchesTheReferenceIds" computerName="d71188ba1e2e" duration="00:00:00.2936408" startTime="2026-09-17T14:26:59.4645854+00:00" endTime="2026-09-17T14:26:59.7485951+00:00" testType="13cdc9d9-ddb5-4fa4-a97d-d965ccfc6d4b" outcome="Passed" testListId="8c84fa94-04c1-424b-9868-57a2d4851a1d" relativeResultsDirectory="76130053-7bde-42fa-b454-6dc382d4f4f1" />
    <UnitTestResult executionId="7428b05d-aa8d-452b-84c9-629ee6c057a3" testId="8dc52063-692d-19aa-f1e3-ca686bb5dfcb" testName="InferenceWeb.Tests.MuseGlimmerRegressionTests.PreTokenizer_Glm4_KeepsDigitRunsOfUpToThree(pre: &quot;chatglm-bpe&quot;)" computerName="d71188ba1e2e" duration="00:00:00.0007926" startTime="2026-09-17T14:26:59.4578988+00:00" endTime="2026-09-17T14:26:59.4579702+00:00" testType="13cdc9d9-ddb5-4fa4-a97d-d965ccfc6d4b" outcome="Passed" testListId="8c84fa94-04c1-424b-9868-57a2d4851a1d" relativeResultsDirectory="7428b05d-aa8d-452b-84c9-629ee6c057a3" />
    <UnitTestResult executionId="00d0edfe-6921-4a23-a3bc-b153b2adbdb9" testId="dccb71f5-6a85-5d61-7971-baf41e8d72ae" testName="InferenceWeb.Tests.MuseGlimmerRegressionTests.PreTokenizer_Gpt4oFamily_KeepsMultiDigitRunsTogether(pre: &quot;llama4&quot;)" computerName="d71188ba1e2e" duration="00:00:00.0169676" startTime="2026-09-17T14:26:59.4468246+00:00" endTime="2026-09-17T14:26:59.4469054+00:00" testType="13cdc9d9-ddb5-4fa4-a97d-d965ccfc6d4b" outcome="Passed" testListId="8c84fa94-04c1-424b-9868-57a2d4851a1d" relativeResultsDirectory="00d0edfe-6921-4a23-a3bc-b153b2adbdb9" />
  </Results>
  <TestDefinitions>
    <UnitTest name="InferenceWeb.Tests.GlmDsaTinyModelTests.GlmDsa_OutputParser_ThinkFalse_StillStartsInContent" storage="/workspace/ts-codex-glm-completion-20260917/repo/inferenceweb.tests/bin/release/net10.0/inferenceweb.tests.dll" id="b295ab53-0552-02cd-0d1c-f4d3cb58fed2">
      <Execution id="f16a4c44-5159-4dbb-aee6-35fc933eba61" />
      <TestMethod codeBase="/workspace/ts-codex-glm-completion-20260917/repo/InferenceWeb.Tests/bin/Release/net10.0/InferenceWeb.Tests.dll" adapterTypeName="executor://xunit/VsTestRunner3/netcore/" className="InferenceWeb.Tests.GlmDsaTinyModelTests" name="GlmDsa_OutputParser_ThinkFalse_StillStartsInContent" />
    </UnitTest>
    <UnitTest name="InferenceWeb.Tests.GlmDsaTinyModelTests.Glm5Next_OutputParser_ThinkTrue_Unchanged" storage="/workspace/ts-codex-glm-completion-20260917/repo/inferenceweb.tests/bin/release/net10.0/inferenceweb.tests.dll" id="b3e29ac1-ab83-6973-3d51-f4064ff02e2d">
      <Execution id="a73ef9a2-4b9f-439a-bc1e-8da46c411236" />
      <TestMethod codeBase="/workspace/ts-codex-glm-completion-20260917/repo/InferenceWeb.Tests/bin/Release/net10.0/InferenceWeb.Tests.dll" adapterTypeName="executor://xunit/VsTestRunner3/netcore/" className="InferenceWeb.Tests.GlmDsaTinyModelTests" name="Glm5Next_OutputParser_ThinkTrue_Unchanged" />
    </UnitTest>
    <UnitTest name="InferenceWeb.Tests.MuseGlimmerRegressionTests.InjectMultimodalTokens_EveryVisionArchEmitsAMarker(architecture: &quot;qwen35&quot;, expectedMarker: &quot;&lt;|vision_start|&gt;&lt;|image_pad|&gt;&lt;|vision_end|&gt;&quot;)" storage="/workspace/ts-codex-glm-completion-20260917/repo/inferenceweb.tests/bin/release/net10.0/inferenceweb.tests.dll" id="899ee396-d816-2a5c-a56e-3d0259d24191">
      <Execution id="1b75bed7-5e56-4c1f-acf2-c07ce862ea5a" />
      <TestMethod codeBase="/workspace/ts-codex-glm-completion-20260917/repo/InferenceWeb.Tests/bin/Release/net10.0/InferenceWeb.Tests.dll" adapterTypeName="executor://xunit/VsTestRunner3/netcore/" className="InferenceWeb.Tests.MuseGlimmerRegressionTests" name="InjectMultimodalTokens_EveryVisionArchEmitsAMarker" />
    </UnitTest>
    <UnitTest name="InferenceWeb.Tests.MuseGlimmerRegressionTests.InjectMultimodalTokens_MuseGlimmer_UsesVideoMarkerForFrames" storage="/workspace/ts-codex-glm-completion-20260917/repo/inferenceweb.tests/bin/release/net10.0/inferenceweb.tests.dll" id="5718b775-663f-b776-a188-2b5ab67c8e20">
      <Execution id="78ace1b0-4ed8-4a20-8278-d0d14fed13f6" />
      <TestMethod codeBase="/workspace/ts-codex-glm-completion-20260917/repo/InferenceWeb.Tests/bin/Release/net10.0/InferenceWeb.Tests.dll" adapterTypeName="executor://xunit/VsTestRunner3/netcore/" className="InferenceWeb.Tests.MuseGlimmerRegressionTests" name="InjectMultimodalTokens_MuseGlimmer_UsesVideoMarkerForFrames" />
    </UnitTest>
    <UnitTest name="InferenceWeb.Tests.GlmDsaTinyModelTests.Glm5Next_OutputParser_ThinkFalse_JsonReasoningStillClosesOutsideStrings" storage="/workspace/ts-codex-glm-completion-20260917/repo/inferenceweb.tests/bin/release/net10.0/inferenceweb.tests.dll" id="f396610e-2a87-93cd-7ad6-e0c431b405b3">
      <Execution id="fb7d80d0-2d6f-4f6f-b116-4ea472e07fcf" />
      <TestMethod codeBase="/workspace/ts-codex-glm-completion-20260917/repo/InferenceWeb.Tests/bin/Release/net10.0/InferenceWeb.Tests.dll" adapterTypeName="executor://xunit/VsTestRunner3/netcore/" className="InferenceWeb.Tests.GlmDsaTinyModelTests" name="Glm5Next_OutputParser_ThinkFalse_JsonReasoningStillClosesOutsideStrings" />
    </UnitTest>
    <UnitTest name="InferenceWeb.Tests.BpeTokenizerTests.Encode_RequeuesChangedPairAtItsCurrentRank" storage="/workspace/ts-codex-glm-completion-20260917/repo/inferenceweb.tests/bin/release/net10.0/inferenceweb.tests.dll" id="ba2f4566-d798-1d7f-8ed2-afd0bbc5a71d">
      <Execution id="dd68034d-0e84-45a7-873d-2ac7d4ed3960" />
      <TestMethod codeBase="/workspace/ts-codex-glm-completion-20260917/repo/InferenceWeb.Tests/bin/Release/net10.0/InferenceWeb.Tests.dll" adapterTypeName="executor://xunit/VsTestRunner3/netcore/" className="InferenceWeb.Tests.BpeTokenizerTests" name="Encode_RequeuesChangedPairAtItsCurrentRank" />
    </UnitTest>
    <UnitTest name="InferenceWeb.Tests.Glm4TokenizerParityTests.Encode_FromGlm5Gguf_MatchesTheReferenceIds" storage="/workspace/ts-codex-glm-completion-20260917/repo/inferenceweb.tests/bin/release/net10.0/inferenceweb.tests.dll" id="e0b15e32-c148-420f-eced-4e4892e1a51a">
      <Execution id="76130053-7bde-42fa-b454-6dc382d4f4f1" />
      <TestMethod codeBase="/workspace/ts-codex-glm-completion-20260917/repo/InferenceWeb.Tests/bin/Release/net10.0/InferenceWeb.Tests.dll" adapterTypeName="executor://xunit/VsTestRunner3/netcore/" className="InferenceWeb.Tests.Glm4TokenizerParityTests" name="Encode_FromGlm5Gguf_MatchesTheReferenceIds" />
    </UnitTest>
    <UnitTest name="InferenceWeb.Tests.BpeTokenizerTests.Encode_Gemma4UsesRankedBpeOverRawUnicodeAndEscapedSpaces" storage="/workspace/ts-codex-glm-completion-20260917/repo/inferenceweb.tests/bin/release/net10.0/inferenceweb.tests.dll" id="a08f7776-9409-2c97-f1ac-4d32da05addb">
      <Execution id="a223bc7a-dc90-4cb3-a0b6-fe32b2dda9a6" />
      <TestMethod codeBase="/workspace/ts-codex-glm-completion-20260917/repo/InferenceWeb.Tests/bin/Release/net10.0/InferenceWeb.Tests.dll" adapterTypeName="executor://xunit/VsTestRunner3/netcore/" className="InferenceWeb.Tests.BpeTokenizerTests" name="Encode_Gemma4UsesRankedBpeOverRawUnicodeAndEscapedSpaces" />
    </UnitTest>
    <UnitTest name="InferenceWeb.Tests.GlmDsaTinyModelTests.Glm5Next_OutputParser_ThinkFalse_JsonStringMarkersAreContent(json: &quot;{\&quot;text\&quot;:\&quot;&lt;/think&gt;&lt;tool_call&gt;literal&lt;/tool_call&gt;&quot;···)" storage="/workspace/ts-codex-glm-completion-20260917/repo/inferenceweb.tests/bin/release/net10.0/inferenceweb.tests.dll" id="f4c51d38-9cdb-a378-ab94-452fc90d6183">
      <Execution id="57d267ae-67ef-4b88-b3e7-8c3e96d62b21" />
      <TestMethod codeBase="/workspace/ts-codex-glm-completion-20260917/repo/InferenceWeb.Tests/bin/Release/net10.0/InferenceWeb.Tests.dll" adapterTypeName="executor://xunit/VsTestRunner3/netcore/" className="InferenceWeb.Tests.GlmDsaTinyModelTests" name="Glm5Next_OutputParser_ThinkFalse_JsonStringMarkersAreContent" />
    </UnitTest>
    <UnitTest name="InferenceWeb.Tests.Glm4TokenizerParityTests.PreTokenizer_MatchesTheReferenceSplitOnEveryCase(pre: &quot;chatglm-bpe&quot;)" storage="/workspace/ts-codex-glm-completion-20260917/repo/inferenceweb.tests/bin/release/net10.0/inferenceweb.tests.dll" id="f16ecbc8-1348-85f1-6ceb-d73b1baf45da">
      <Execution id="9bddff99-cf99-477f-b5a7-50088c43689e" />
      <TestMethod codeBase="/workspace/ts-codex-glm-completion-20260917/repo/InferenceWeb.Tests/bin/Release/net10.0/InferenceWeb.Tests.dll" adapterTypeName="executor://xunit/VsTestRunner3/netcore/" className="InferenceWeb.Tests.Glm4TokenizerParityTests" name="PreTokenizer_MatchesTheReferenceSplitOnEveryCase" />
    </UnitTest>
    <UnitTest name="InferenceWeb.Tests.GlmDsaTinyModelTests.GlmDsa_Quantized_MatchesLlamaCpp" storage="/workspace/ts-codex-glm-completion-20260917/repo/inferenceweb.tests/bin/release/net10.0/inferenceweb.tests.dll" id="4a8f8971-c91d-63a3-a4df-976c85bc0837">
      <Execution id="bece4d52-3ce1-4e6e-a6dc-32d4eed7a12f" />
      <TestMethod codeBase="/workspace/ts-codex-glm-completion-20260917/repo/InferenceWeb.Tests/bin/Release/net10.0/InferenceWeb.Tests.dll" adapterTypeName="executor://xunit/VsTestRunner3/netcore/" className="InferenceWeb.Tests.GlmDsaTinyModelTests" name="GlmDsa_Quantized_MatchesLlamaCpp" />
    </UnitTest>
    <UnitTest name="InferenceWeb.Tests.GlmDsaTinyModelTests.Glm5Next_OutputParser_ThinkFalse_UnclosedReplyIsTheAnswer" storage="/workspace/ts-codex-glm-completion-20260917/repo/inferenceweb.tests/bin/release/net10.0/inferenceweb.tests.dll" id="91918684-7707-b56c-01da-8dc324a4d199">
      <Execution id="ffbc31a4-6b56-452a-86e1-e8065b05d833" />
      <TestMethod codeBase="/workspace/ts-codex-glm-completion-20260917/repo/InferenceWeb.Tests/bin/Release/net10.0/InferenceWeb.Tests.dll" adapterTypeName="executor://xunit/VsTestRunner3/netcore/" className="InferenceWeb.Tests.GlmDsaTinyModelTests" name="Glm5Next_OutputParser_ThinkFalse_UnclosedReplyIsTheAnswer" />
    </UnitTest>
    <UnitTest name="InferenceWeb.Tests.MuseGlimmerRegressionTests.InjectMultimodalTokens_EveryVisionArchEmitsAMarker(architecture: &quot;mistral3&quot;, expectedMarker: &quot;[IMG]&quot;)" storage="/workspace/ts-codex-glm-completion-20260917/repo/inferenceweb.tests/bin/release/net10.0/inferenceweb.tests.dll" id="13f05968-e79c-cc22-dead-df6fe344ef37">
      <Execution id="512205b8-ce78-4f69-8ab0-1972563c5311" />
      <TestMethod codeBase="/workspace/ts-codex-glm-completion-20260917/repo/InferenceWeb.Tests/bin/Release/net10.0/InferenceWeb.Tests.dll" adapterTypeName="executor://xunit/VsTestRunner3/netcore/" className="InferenceWeb.Tests.MuseGlimmerRegressionTests" name="InjectMultimodalTokens_EveryVisionArchEmitsAMarker" />
    </UnitTest>
    <UnitTest name="InferenceWeb.Tests.GlmDsaTinyModelTests.GlmDsa_OutputParser_SplitsThinkingContentAndToolCalls" storage="/workspace/ts-codex-glm-completion-20260917/repo/inferenceweb.tests/bin/release/net10.0/inferenceweb.tests.dll" id="1a869902-0daf-22ce-5de3-53b7fd2de380">
      <Execution id="49f9f0a1-7b43-48b3-99f2-6b3836c512af" />
      <TestMethod codeBase="/workspace/ts-codex-glm-completion-20260917/repo/InferenceWeb.Tests/bin/Release/net10.0/InferenceWeb.Tests.dll" adapterTypeName="executor://xunit/VsTestRunner3/netcore/" className="InferenceWeb.Tests.GlmDsaTinyModelTests" name="GlmDsa_OutputParser_SplitsThinkingContentAndToolCalls" />
    </UnitTest>
    <UnitTest name="InferenceWeb.Tests.GlmDsaTinyModelTests.GlmDsa_LoadsAndReportsArchitecture" storage="/workspace/ts-codex-glm-completion-20260917/repo/inferenceweb.tests/bin/release/net10.0/inferenceweb.tests.dll" id="2b7016f4-3b95-ac48-3b8d-e50f3233ec17">
      <Execution id="d79fe1cf-a5dd-44e8-80d0-9dfae07a515e" />
      <TestMethod codeBase="/workspace/ts-codex-glm-completion-20260917/repo/InferenceWeb.Tests/bin/Release/net10.0/InferenceWeb.Tests.dll" adapterTypeName="executor://xunit/VsTestRunner3/netcore/" className="InferenceWeb.Tests.GlmDsaTinyModelTests" name="GlmDsa_LoadsAndReportsArchitecture" />
    </UnitTest>
    <UnitTest name="InferenceWeb.Tests.GlmDsaTinyModelTests.GlmDsa_SharedIndexerLayers_Run" storage="/workspace/ts-codex-glm-completion-20260917/repo/inferenceweb.tests/bin/release/net10.0/inferenceweb.tests.dll" id="5c170fc7-804f-b4c8-d9c7-b2f0e2564a12">
      <Execution id="c29ca1fe-00e9-4d9e-819d-59432ba4696c" />
      <TestMethod codeBase="/workspace/ts-codex-glm-completion-20260917/repo/InferenceWeb.Tests/bin/Release/net10.0/InferenceWeb.Tests.dll" adapterTypeName="executor://xunit/VsTestRunner3/netcore/" className="InferenceWeb.Tests.GlmDsaTinyModelTests" name="GlmDsa_SharedIndexerLayers_Run" />
    </UnitTest>
    <UnitTest name="InferenceWeb.Tests.BpeTokenizerTests.ResolveEogTokenIds_AppliesLlamaHarmonyAndGemmaWorkarounds" storage="/workspace/ts-codex-glm-completion-20260917/repo/inferenceweb.tests/bin/release/net10.0/inferenceweb.tests.dll" id="0e30f58f-0468-c89a-f230-3ae7cc232a82">
      <Execution id="3ce96548-16e3-45c6-8a7d-0250af34ac0f" />
      <TestMethod codeBase="/workspace/ts-codex-glm-completion-20260917/repo/InferenceWeb.Tests/bin/Release/net10.0/InferenceWeb.Tests.dll" adapterTypeName="executor://xunit/VsTestRunner3/netcore/" className="InferenceWeb.Tests.BpeTokenizerTests" name="ResolveEogTokenIds_AppliesLlamaHarmonyAndGemmaWorkarounds" />
    </UnitTest>
    <UnitTest name="InferenceWeb.Tests.GlmDsaTinyModelTests.Glm_OutputParser_StreamedCharByChar_ToolCallAfterReasoningIsParsed(arch: &quot;glm-dsa&quot;, enableThinking: True)" storage="/workspace/ts-codex-glm-completion-20260917/repo/inferenceweb.tests/bin/release/net10.0/inferenceweb.tests.dll" id="4dc01418-b9d1-d6b0-951e-bd30d810b3a5">
      <Execution id="bb56e95c-11ad-4b24-acdc-df9305944153" />
      <TestMethod codeBase="/workspace/ts-codex-glm-completion-20260917/repo/InferenceWeb.Tests/bin/Release/net10.0/InferenceWeb.Tests.dll" adapterTypeName="executor://xunit/VsTestRunner3/netcore/" className="InferenceWeb.Tests.GlmDsaTinyModelTests" name="Glm_OutputParser_StreamedCharByChar_ToolCallAfterReasoningIsParsed" />
    </UnitTest>
    <UnitTest name="InferenceWeb.Tests.GlmDsaTinyModelTests.GlmDsa_ChunkedPrefill_MatchesSingleShot(chunk: 64)" storage="/workspace/ts-codex-glm-completion-20260917/repo/inferenceweb.tests/bin/release/net10.0/inferenceweb.tests.dll" id="351d0e51-38ae-8395-fa8a-adc9bc2cf264">
      <Execution id="f0772c75-7544-450c-bbb2-1ab79392896f" />
      <TestMethod codeBase="/workspace/ts-codex-glm-completion-20260917/repo/InferenceWeb.Tests/bin/Release/net10.0/InferenceWeb.Tests.dll" adapterTypeName="executor://xunit/VsTestRunner3/netcore/" className="InferenceWeb.Tests.GlmDsaTinyModelTests" name="GlmDsa_ChunkedPrefill_MatchesSingleShot" />
    </UnitTest>
    <UnitTest name="InferenceWeb.Tests.BpeTokenizerTests.UsesSentencePieceTokenizer_DispatchesProductionTokenizerFamily(tokenizerModel: &quot;t5&quot;, expected: True)" storage="/workspace/ts-codex-glm-completion-20260917/repo/inferenceweb.tests/bin/release/net10.0/inferenceweb.tests.dll" id="cb4282f7-d66d-09e3-594c-afbeb722b13c">
      <Execution id="053ed628-556a-4745-84d1-4646b3e78844" />
      <TestMethod codeBase="/workspace/ts-codex-glm-completion-20260917/repo/InferenceWeb.Tests/bin/Release/net10.0/InferenceWeb.Tests.dll" adapterTypeName="executor://xunit/VsTestRunner3/netcore/" className="InferenceWeb.Tests.BpeTokenizerTests" name="UsesSentencePieceTokenizer_DispatchesProductionTokenizerFamily" />
    </UnitTest>
    <UnitTest name="InferenceWeb.Tests.MuseGlimmerRegressionTests.PreTokenizer_Gpt4oFamily_SharesTheGpt4oPattern(pre: &quot;talkie&quot;)" storage="/workspace/ts-codex-glm-completion-20260917/repo/inferenceweb.tests/bin/release/net10.0/inferenceweb.tests.dll" id="8278813c-7b0b-efce-2597-beaffdd969f8">
      <Execution id="601d07e9-f755-4dff-9414-63814b9d8c47" />
      <TestMethod codeBase="/workspace/ts-codex-glm-completion-20260917/repo/InferenceWeb.Tests/bin/Release/net10.0/InferenceWeb.Tests.dll" adapterTypeName="executor://xunit/VsTestRunner3/netcore/" className="InferenceWeb.Tests.MuseGlimmerRegressionTests" name="PreTokenizer_Gpt4oFamily_SharesTheGpt4oPattern" />
    </UnitTest>
    <UnitTest name="InferenceWeb.Tests.MuseGlimmerRegressionTests.PreTokenizer_DefaultPattern_StillSplitsEveryDigit" storage="/workspace/ts-codex-glm-completion-20260917/repo/inferenceweb.tests/bin/release/net10.0/inferenceweb.tests.dll" id="444b62bc-66b3-3ab5-15a5-c006b73124a8">
      <Execution id="13e5c324-df94-41b7-8947-b4fcd2dd38a0" />
      <TestMethod codeBase="/workspace/ts-codex-glm-completion-20260917/repo/InferenceWeb.Tests/bin/Release/net10.0/InferenceWeb.Tests.dll" adapterTypeName="executor://xunit/VsTestRunner3/netcore/" className="InferenceWeb.Tests.MuseGlimmerRegressionTests" name="PreTokenizer_DefaultPattern_StillSplitsEveryDigit" />
    </UnitTest>
    <UnitTest name="InferenceWeb.Tests.GlmDsaTinyModelTests.GlmDsa_SparsePrompt_MatchesLlamaCpp" storage="/workspace/ts-codex-glm-completion-20260917/repo/inferenceweb.tests/bin/release/net10.0/inferenceweb.tests.dll" id="4ddab774-7b71-70f1-d754-2f5a63a5a544">
      <Execution id="304bb8b9-bce4-4360-8aa5-443d92fbf17c" />
      <TestMethod codeBase="/workspace/ts-codex-glm-completion-20260917/repo/InferenceWeb.Tests/bin/Release/net10.0/InferenceWeb.Tests.dll" adapterTypeName="executor://xunit/VsTestRunner3/netcore/" className="InferenceWeb.Tests.GlmDsaTinyModelTests" name="GlmDsa_SparsePrompt_MatchesLlamaCpp" />
    </UnitTest>
    <UnitTest name="InferenceWeb.Tests.BpeTokenizerTests.ResolveEogTokenIds_FoldsDeclaredEndOfMessageId" storage="/workspace/ts-codex-glm-completion-20260917/repo/inferenceweb.tests/bin/release/net10.0/inferenceweb.tests.dll" id="2e826c11-aace-6239-d53e-8c629f654d9f">
      <Execution id="e3eb7670-0de5-48dc-baf2-0664f776c2f2" />
      <TestMethod codeBase="/workspace/ts-codex-glm-completion-20260917/repo/InferenceWeb.Tests/bin/Release/net10.0/InferenceWeb.Tests.dll" adapterTypeName="executor://xunit/VsTestRunner3/netcore/" className="InferenceWeb.Tests.BpeTokenizerTests" name="ResolveEogTokenIds_FoldsDeclaredEndOfMessageId" />
    </UnitTest>
    <UnitTest name="InferenceWeb.Tests.BpeTokenizerTests.Encode_DiscardsStaleCandidateAfterNeighborMerge" storage="/workspace/ts-codex-glm-completion-20260917/repo/inferenceweb.tests/bin/release/net10.0/inferenceweb.tests.dll" id="e8a300e0-241d-c6a8-c9e2-1e4306a6a063">
      <Execution id="208a56e6-5e4c-451c-8eac-82db9fa881f9" />
      <TestMethod codeBase="/workspace/ts-codex-glm-completion-20260917/repo/InferenceWeb.Tests/bin/Release/net10.0/InferenceWeb.Tests.dll" adapterTypeName="executor://xunit/VsTestRunner3/netcore/" className="InferenceWeb.Tests.BpeTokenizerTests" name="Encode_DiscardsStaleCandidateAfterNeighborMerge" />
    </UnitTest>
    <UnitTest name="InferenceWeb.Tests.BpeTokenizerTests.ResolveAddBosToken_ForcesGemma4BosWithoutTemplateMarker" storage="/workspace/ts-codex-glm-completion-20260917/repo/inferenceweb.tests/bin/release/net10.0/inferenceweb.tests.dll" id="18ede5ac-0df9-0bfd-00cb-c0d3be2499cc">
      <Execution id="7957f25f-734d-4774-aae7-cc8c84b0b738" />
      <TestMethod codeBase="/workspace/ts-codex-glm-completion-20260917/repo/InferenceWeb.Tests/bin/Release/net10.0/InferenceWeb.Tests.dll" adapterTypeName="executor://xunit/VsTestRunner3/netcore/" className="InferenceWeb.Tests.BpeTokenizerTests" name="ResolveAddBosToken_ForcesGemma4BosWithoutTemplateMarker" />
    </UnitTest>
    <UnitTest name="InferenceWeb.Tests.GlmDsaTinyModelTests.Glm5Next_DeclaresAThinkingGrammarTrigger" storage="/workspace/ts-codex-glm-completion-20260917/repo/inferenceweb.tests/bin/release/net10.0/inferenceweb.tests.dll" id="13d12492-71da-98be-0629-739284739629">
      <Execution id="6c73602b-636b-4147-808f-13057b0c2022" />
      <TestMethod codeBase="/workspace/ts-codex-glm-completion-20260917/repo/InferenceWeb.Tests/bin/Release/net10.0/InferenceWeb.Tests.dll" adapterTypeName="executor://xunit/VsTestRunner3/netcore/" className="InferenceWeb.Tests.GlmDsaTinyModelTests" name="Glm5Next_DeclaresAThinkingGrammarTrigger" />
    </UnitTest>
    <UnitTest name="InferenceWeb.Tests.MuseGlimmerRegressionTests.InjectMultimodalTokens_MuseGlimmer_UnderscoreSpellingAlsoWorks" storage="/workspace/ts-codex-glm-completion-20260917/repo/inferenceweb.tests/bin/release/net10.0/inferenceweb.tests.dll" id="82dfef19-f141-476b-918b-b4f319c46274">
      <Execution id="84fb2401-c7c0-41fb-8f0d-2bb6e5582f29" />
      <TestMethod codeBase="/workspace/ts-codex-glm-completion-20260917/repo/InferenceWeb.Tests/bin/Release/net10.0/InferenceWeb.Tests.dll" adapterTypeName="executor://xunit/VsTestRunner3/netcore/" className="InferenceWeb.Tests.MuseGlimmerRegressionTests" name="InjectMultimodalTokens_MuseGlimmer_UnderscoreSpellingAlsoWorks" />
    </UnitTest>
    <UnitTest name="InferenceWeb.Tests.MuseGlimmerRegressionTests.InjectMultimodalTokens_EveryVisionArchEmitsAMarker(architecture: &quot;gemma4&quot;, expectedMarker: &quot;&lt;|image&gt;&quot;)" storage="/workspace/ts-codex-glm-completion-20260917/repo/inferenceweb.tests/bin/release/net10.0/inferenceweb.tests.dll" id="8eb895fc-f02d-72f9-53f9-68abd3e2c043">
      <Execution id="1c1d85fc-8ef9-4306-aa80-2343593a07c7" />
      <TestMethod codeBase="/workspace/ts-codex-glm-completion-20260917/repo/InferenceWeb.Tests/bin/Release/net10.0/InferenceWeb.Tests.dll" adapterTypeName="executor://xunit/VsTestRunner3/netcore/" className="InferenceWeb.Tests.MuseGlimmerRegressionTests" name="InjectMultimodalTokens_EveryVisionArchEmitsAMarker" />
    </UnitTest>
    <UnitTest name="InferenceWeb.Tests.GlmDsaTinyModelTests.Glm5Next_FallbackRenderer_AlwaysOpensThinking_SoThinkFalseAnswersStayContent(enableThinking: False)" storage="/workspace/ts-codex-glm-completion-20260917/repo/inferenceweb.tests/bin/release/net10.0/inferenceweb.tests.dll" id="32a98c3b-410c-9fb5-ec9b-d59b9cefec8f">
      <Execution id="75dff7bc-3093-4329-b7a4-d0d19f2f2355" />
      <TestMethod codeBase="/workspace/ts-codex-glm-completion-20260917/repo/InferenceWeb.Tests/bin/Release/net10.0/InferenceWeb.Tests.dll" adapterTypeName="executor://xunit/VsTestRunner3/netcore/" className="InferenceWeb.Tests.GlmDsaTinyModelTests" name="Glm5Next_FallbackRenderer_AlwaysOpensThinking_SoThinkFalseAnswersStayContent" />
    </UnitTest>
    <UnitTest name="InferenceWeb.Tests.BpeTokenizerTests.ResolveEogTokenIds_UsesOnlyDeclaredEndOfTurnId" storage="/workspace/ts-codex-glm-completion-20260917/repo/inferenceweb.tests/bin/release/net10.0/inferenceweb.tests.dll" id="7f57bba1-0107-94c1-1897-4925932bf40b">
      <Execution id="22448c70-0b60-42d1-9086-cd709252112d" />
      <TestMethod codeBase="/workspace/ts-codex-glm-completion-20260917/repo/InferenceWeb.Tests/bin/Release/net10.0/InferenceWeb.Tests.dll" adapterTypeName="executor://xunit/VsTestRunner3/netcore/" className="InferenceWeb.Tests.BpeTokenizerTests" name="ResolveEogTokenIds_UsesOnlyDeclaredEndOfTurnId" />
    </UnitTest>
    <UnitTest name="InferenceWeb.Tests.MuseGlimmerRegressionTests.PreTokenizer_Gpt4oFamily_SharesTheGpt4oPattern(pre: &quot;kanana2&quot;)" storage="/workspace/ts-codex-glm-completion-20260917/repo/inferenceweb.tests/bin/release/net10.0/inferenceweb.tests.dll" id="558e7f20-6f0f-a64c-55cc-0c71bfad15c2">
      <Execution id="51f384b2-dd79-4a99-8e43-1231253e807f" />
      <TestMethod codeBase="/workspace/ts-codex-glm-completion-20260917/repo/InferenceWeb.Tests/bin/Release/net10.0/InferenceWeb.Tests.dll" adapterTypeName="executor://xunit/VsTestRunner3/netcore/" className="InferenceWeb.Tests.MuseGlimmerRegressionTests" name="PreTokenizer_Gpt4oFamily_SharesTheGpt4oPattern" />
    </UnitTest>
    <UnitTest name="InferenceWeb.Tests.GlmDsaTinyModelTests.GlmDsa_ChunkedPrefill_MatchesSingleShot(chunk: 16)" storage="/workspace/ts-codex-glm-completion-20260917/repo/inferenceweb.tests/bin/release/net10.0/inferenceweb.tests.dll" id="9021e26e-d258-ba6a-84da-3fc09a4d5878">
      <Execution id="e861ada6-6ae5-464f-8708-3303a70ef45e" />
      <TestMethod codeBase="/workspace/ts-codex-glm-completion-20260917/repo/InferenceWeb.Tests/bin/Release/net10.0/InferenceWeb.Tests.dll" adapterTypeName="executor://xunit/VsTestRunner3/netcore/" className="InferenceWeb.Tests.GlmDsaTinyModelTests" name="GlmDsa_ChunkedPrefill_MatchesSingleShot" />
    </UnitTest>
    <UnitTest name="InferenceWeb.Tests.MuseGlimmerRegressionTests.InjectMultimodalTokens_EveryVisionArchEmitsAMarker(architecture: &quot;muse-glimmer&quot;, expectedMarker: &quot;&lt;|patch|&gt;&quot;)" storage="/workspace/ts-codex-glm-completion-20260917/repo/inferenceweb.tests/bin/release/net10.0/inferenceweb.tests.dll" id="0a3c1104-d989-b577-0fbc-a1f8a4487e29">
      <Execution id="bafcfa80-f5b2-4dc4-93bc-260917b1e128" />
      <TestMethod codeBase="/workspace/ts-codex-glm-completion-20260917/repo/InferenceWeb.Tests/bin/Release/net10.0/InferenceWeb.Tests.dll" adapterTypeName="executor://xunit/VsTestRunner3/netcore/" className="InferenceWeb.Tests.MuseGlimmerRegressionTests" name="InjectMultimodalTokens_EveryVisionArchEmitsAMarker" />
    </UnitTest>
    <UnitTest name="InferenceWeb.Tests.GlmDsaTinyModelTests.GlmDsa_LongerSparsePrompt_MatchesLlamaCpp" storage="/workspace/ts-codex-glm-completion-20260917/repo/inferenceweb.tests/bin/release/net10.0/inferenceweb.tests.dll" id="307c9588-fb5b-30b8-8d68-0ec0461c041e">
      <Execution id="2f9f3a24-6b0b-4a83-8f80-5dc32d320d68" />
      <TestMethod codeBase="/workspace/ts-codex-glm-completion-20260917/repo/InferenceWeb.Tests/bin/Release/net10.0/InferenceWeb.Tests.dll" adapterTypeName="executor://xunit/VsTestRunner3/netcore/" className="InferenceWeb.Tests.GlmDsaTinyModelTests" name="GlmDsa_LongerSparsePrompt_MatchesLlamaCpp" />
    </UnitTest>
    <UnitTest name="InferenceWeb.Tests.BpeTokenizerTests.Encode_Qwen35KeepsCombiningMarksWithLetters" storage="/workspace/ts-codex-glm-completion-20260917/repo/inferenceweb.tests/bin/release/net10.0/inferenceweb.tests.dll" id="af76451f-11d0-e6bc-d841-3769323fd88a">
      <Execution id="bbd68fea-2d68-4c33-b4eb-3aba55c0cc99" />
      <TestMethod codeBase="/workspace/ts-codex-glm-completion-20260917/repo/InferenceWeb.Tests/bin/Release/net10.0/InferenceWeb.Tests.dll" adapterTypeName="executor://xunit/VsTestRunner3/netcore/" className="InferenceWeb.Tests.BpeTokenizerTests" name="Encode_Qwen35KeepsCombiningMarksWithLetters" />
    </UnitTest>
    <UnitTest name="InferenceWeb.Tests.MuseGlimmerRegressionTests.PreTokenizer_Glm4_KeepsDigitRunsOfUpToThree(pre: &quot;chatglm-bpe&quot;)" storage="/workspace/ts-codex-glm-completion-20260917/repo/inferenceweb.tests/bin/release/net10.0/inferenceweb.tests.dll" id="8dc52063-692d-19aa-f1e3-ca686bb5dfcb">
      <Execution id="7428b05d-aa8d-452b-84c9-629ee6c057a3" />
      <TestMethod codeBase="/workspace/ts-codex-glm-completion-20260917/repo/InferenceWeb.Tests/bin/Release/net10.0/InferenceWeb.Tests.dll" adapterTypeName="executor://xunit/VsTestRunner3/netcore/" className="InferenceWeb.Tests.MuseGlimmerRegressionTests" name="PreTokenizer_Glm4_KeepsDigitRunsOfUpToThree" />
    </UnitTest>
    <UnitTest name="InferenceWeb.Tests.BpeTokenizerTests.Encode_ParsesNormalTypedEogMarkerAsSpecialToken" storage="/workspace/ts-codex-glm-completion-20260917/repo/inferenceweb.tests/bin/release/net10.0/inferenceweb.tests.dll" id="da08b014-c559-de4f-f189-e8e889935e33">
      <Execution id="e2d5d110-eeec-481b-bd98-4a0992de8e04" />
      <TestMethod codeBase="/workspace/ts-codex-glm-completion-20260917/repo/InferenceWeb.Tests/bin/Release/net10.0/InferenceWeb.Tests.dll" adapterTypeName="executor://xunit/VsTestRunner3/netcore/" className="InferenceWeb.Tests.BpeTokenizerTests" name="Encode_ParsesNormalTypedEogMarkerAsSpecialToken" />
    </UnitTest>
    <UnitTest name="InferenceWeb.Tests.GlmDsaTinyModelTests.Glm5Next_OutputParser_ThinkFalse_StreamedJsonAnswerIsContentAndPartialCloseTagIsHeld" storage="/workspace/ts-codex-glm-completion-20260917/repo/inferenceweb.tests/bin/release/net10.0/inferenceweb.tests.dll" id="fedd477a-bff1-3a81-e853-08cf41180cd8">
      <Execution id="bd0c434d-7266-4a54-91b2-e90ee0c6f9c5" />
      <TestMethod codeBase="/workspace/ts-codex-glm-completion-20260917/repo/InferenceWeb.Tests/bin/Release/net10.0/InferenceWeb.Tests.dll" adapterTypeName="executor://xunit/VsTestRunner3/netcore/" className="InferenceWeb.Tests.GlmDsaTinyModelTests" name="Glm5Next_OutputParser_ThinkFalse_StreamedJsonAnswerIsContentAndPartialCloseTagIsHeld" />
    </UnitTest>
    <UnitTest name="InferenceWeb.Tests.BpeTokenizerTests.Encode_Gemma4FallsBackToRawUtf8ByteTokens" storage="/workspace/ts-codex-glm-completion-20260917/repo/inferenceweb.tests/bin/release/net10.0/inferenceweb.tests.dll" id="72ec60f7-59c0-0271-f283-5a858a950d73">
      <Execution id="a70cf45d-205e-47ce-a047-be3ba3d2ba63" />
      <TestMethod codeBase="/workspace/ts-codex-glm-completion-20260917/repo/InferenceWeb.Tests/bin/Release/net10.0/InferenceWeb.Tests.dll" adapterTypeName="executor://xunit/VsTestRunner3/netcore/" className="InferenceWeb.Tests.BpeTokenizerTests" name="Encode_Gemma4FallsBackToRawUtf8ByteTokens" />
    </UnitTest>
    <UnitTest name="InferenceWeb.Tests.BpeTokenizerTests.ResolveEogTokenIds_IncludesBothQwenControlEndings" storage="/workspace/ts-codex-glm-completion-20260917/repo/inferenceweb.tests/bin/release/net10.0/inferenceweb.tests.dll" id="1069da5b-e56a-345e-abac-251eba0f971d">
      <Execution id="da1ca5a1-4085-477e-956f-781ce48b9d41" />
      <TestMethod codeBase="/workspace/ts-codex-glm-completion-20260917/repo/InferenceWeb.Tests/bin/Release/net10.0/InferenceWeb.Tests.dll" adapterTypeName="executor://xunit/VsTestRunner3/netcore/" className="InferenceWeb.Tests.BpeTokenizerTests" name="ResolveEogTokenIds_IncludesBothQwenControlEndings" />
    </UnitTest>
    <UnitTest name="InferenceWeb.Tests.MuseGlimmerRegressionTests.PreTokenizer_Gpt4oFamily_KeepsMultiDigitRunsTogether(pre: &quot;gpt-4o&quot;)" storage="/workspace/ts-codex-glm-completion-20260917/repo/inferenceweb.tests/bin/release/net10.0/inferenceweb.tests.dll" id="cf776f8a-7b7d-b6d8-6144-22d1a522e3f9">
      <Execution id="05911b16-7cc9-4bac-b330-429f6c8b2584" />
      <TestMethod codeBase="/workspace/ts-codex-glm-completion-20260917/repo/InferenceWeb.Tests/bin/Release/net10.0/InferenceWeb.Tests.dll" adapterTypeName="executor://xunit/VsTestRunner3/netcore/" className="InferenceWeb.Tests.MuseGlimmerRegressionTests" name="PreTokenizer_Gpt4oFamily_KeepsMultiDigitRunsTogether" />
    </UnitTest>
    <UnitTest name="InferenceWeb.Tests.MuseGlimmerRegressionTests.PreTokenizer_Glm4_KeepsDigitRunsOfUpToThree(pre: &quot;glm4&quot;)" storage="/workspace/ts-codex-glm-completion-20260917/repo/inferenceweb.tests/bin/release/net10.0/inferenceweb.tests.dll" id="7af9a7d2-3594-47e8-4bf0-2eefa13e49e6">
      <Execution id="a2bf1879-50fe-422a-a34b-6f9a46fdd5e3" />
      <TestMethod codeBase="/workspace/ts-codex-glm-completion-20260917/repo/InferenceWeb.Tests/bin/Release/net10.0/InferenceWeb.Tests.dll" adapterTypeName="executor://xunit/VsTestRunner3/netcore/" className="InferenceWeb.Tests.MuseGlimmerRegressionTests" name="PreTokenizer_Glm4_KeepsDigitRunsOfUpToThree" />
    </UnitTest>
    <UnitTest name="InferenceWeb.Tests.GlmDsaTinyModelTests.Glm5Next_OutputParser_ThinkFalse_KeepsTheAlwaysOpenReasoningOutOfContent" storage="/workspace/ts-codex-glm-completion-20260917/repo/inferenceweb.tests/bin/release/net10.0/inferenceweb.tests.dll" id="a4b11f13-32a1-6940-1a96-e2d613ef21cf">
      <Execution id="c6499568-ba7e-470e-a9a7-38bbc5e99999" />
      <TestMethod codeBase="/workspace/ts-codex-glm-completion-20260917/repo/InferenceWeb.Tests/bin/Release/net10.0/InferenceWeb.Tests.dll" adapterTypeName="executor://xunit/VsTestRunner3/netcore/" className="InferenceWeb.Tests.GlmDsaTinyModelTests" name="Glm5Next_OutputParser_ThinkFalse_KeepsTheAlwaysOpenReasoningOutOfContent" />
    </UnitTest>
    <UnitTest name="InferenceWeb.Tests.MuseGlimmerRegressionTests.PreTokenizer_Gpt4oFamily_KeepsMultiDigitRunsTogether(pre: &quot;llama4&quot;)" storage="/workspace/ts-codex-glm-completion-20260917/repo/inferenceweb.tests/bin/release/net10.0/inferenceweb.tests.dll" id="dccb71f5-6a85-5d61-7971-baf41e8d72ae">
      <Execution id="00d0edfe-6921-4a23-a3bc-b153b2adbdb9" />
      <TestMethod codeBase="/workspace/ts-codex-glm-completion-20260917/repo/InferenceWeb.Tests/bin/Release/net10.0/InferenceWeb.Tests.dll" adapterTypeName="executor://xunit/VsTestRunner3/netcore/" className="InferenceWeb.Tests.MuseGlimmerRegressionTests" name="PreTokenizer_Gpt4oFamily_KeepsMultiDigitRunsTogether" />
    </UnitTest>
    <UnitTest name="InferenceWeb.Tests.MuseGlimmerRegressionTests.ImageGeometry_IosPortrait_UsesBoundedReferenceGrid" storage="/workspace/ts-codex-glm-completion-20260917/repo/inferenceweb.tests/bin/release/net10.0/inferenceweb.tests.dll" id="64048051-3bf8-a995-8c41-225ba0f78c8b">
      <Execution id="796c612f-de89-4f8f-b61a-f8bff71254bf" />
      <TestMethod codeBase="/workspace/ts-codex-glm-completion-20260917/repo/InferenceWeb.Tests/bin/Release/net10.0/InferenceWeb.Tests.dll" adapterTypeName="executor://xunit/VsTestRunner3/netcore/" className="InferenceWeb.Tests.MuseGlimmerRegressionTests" name="ImageGeometry_IosPortrait_UsesBoundedReferenceGrid" />
    </UnitTest>
    <UnitTest name="InferenceWeb.Tests.BpeTokenizerTests.Encode_ParsesNormalTypedEogMarkerForDefaultBpeTokenizer" storage="/workspace/ts-codex-glm-completion-20260917/repo/inferenceweb.tests/bin/release/net10.0/inferenceweb.tests.dll" id="d26b27c8-ab1e-f9e5-7e36-f959d71c5cc4">
      <Execution id="a346e1bd-20c4-4583-bc91-25dee5f9c6c8" />
      <TestMethod codeBase="/workspace/ts-codex-glm-completion-20260917/repo/InferenceWeb.Tests/bin/Release/net10.0/InferenceWeb.Tests.dll" adapterTypeName="executor://xunit/VsTestRunner3/netcore/" className="InferenceWeb.Tests.BpeTokenizerTests" name="Encode_ParsesNormalTypedEogMarkerForDefaultBpeTokenizer" />
    </UnitTest>
    <UnitTest name="InferenceWeb.Tests.GlmDsaTinyModelTests.GlmDsa_ChunkedPrefill_MatchesSingleShot(chunk: 3)" storage="/workspace/ts-codex-glm-completion-20260917/repo/inferenceweb.tests/bin/release/net10.0/inferenceweb.tests.dll" id="f446c920-3bcb-07b1-026c-9aa8eba7bc9c">
      <Execution id="8120d084-c495-4f8f-a6f0-78a440882e90" />
      <TestMethod codeBase="/workspace/ts-codex-glm-completion-20260917/repo/InferenceWeb.Tests/bin/Release/net10.0/InferenceWeb.Tests.dll" adapterTypeName="executor://xunit/VsTestRunner3/netcore/" className="InferenceWeb.Tests.GlmDsaTinyModelTests" name="GlmDsa_ChunkedPrefill_MatchesSingleShot" />
    </UnitTest>
    <UnitTest name="InferenceWeb.Tests.MuseGlimmerRegressionTests.InjectMultimodalTokens_MuseGlimmer_EmitsOneMarkerPerImage" storage="/workspace/ts-codex-glm-completion-20260917/repo/inferenceweb.tests/bin/release/net10.0/inferenceweb.tests.dll" id="7a4de2a2-5f06-f50c-2b2a-93d3a98f5ca2">
      <Execution id="9aa04932-d92c-4fcd-8434-200112f2dbf7" />
      <TestMethod codeBase="/workspace/ts-codex-glm-completion-20260917/repo/InferenceWeb.Tests/bin/Release/net10.0/InferenceWeb.Tests.dll" adapterTypeName="executor://xunit/VsTestRunner3/netcore/" className="InferenceWeb.Tests.MuseGlimmerRegressionTests" name="InjectMultimodalTokens_MuseGlimmer_EmitsOneMarkerPerImage" />
    </UnitTest>
    <UnitTest name="InferenceWeb.Tests.BpeTokenizerTests.UsesSentencePieceTokenizer_DispatchesProductionTokenizerFamily(tokenizerModel: &quot;llama&quot;, expected: True)" storage="/workspace/ts-codex-glm-completion-20260917/repo/inferenceweb.tests/bin/release/net10.0/inferenceweb.tests.dll" id="d2b7591f-cb33-f9ee-6498-e817fc7701d5">
      <Execution id="1522ccf1-efe1-4fa1-9af7-453bc6d7dd7b" />
      <TestMethod codeBase="/workspace/ts-codex-glm-completion-20260917/repo/InferenceWeb.Tests/bin/Release/net10.0/InferenceWeb.Tests.dll" adapterTypeName="executor://xunit/VsTestRunner3/netcore/" className="InferenceWeb.Tests.BpeTokenizerTests" name="UsesSentencePieceTokenizer_DispatchesProductionTokenizerFamily" />
    </UnitTest>
    <UnitTest name="InferenceWeb.Tests.BpeTokenizerTests.UsesSentencePieceTokenizer_DispatchesProductionTokenizerFamily(tokenizerModel: &quot;gemma4&quot;, expected: False)" storage="/workspace/ts-codex-glm-completion-20260917/repo/inferenceweb.tests/bin/release/net10.0/inferenceweb.tests.dll" id="4662e0b1-6aa8-6659-6099-9e76face3a5d">
      <Execution id="2556adfd-079f-4a44-b4ff-8bd151f4a26c" />
      <TestMethod codeBase="/workspace/ts-codex-glm-completion-20260917/repo/InferenceWeb.Tests/bin/Release/net10.0/InferenceWeb.Tests.dll" adapterTypeName="executor://xunit/VsTestRunner3/netcore/" className="InferenceWeb.Tests.BpeTokenizerTests" name="UsesSentencePieceTokenizer_DispatchesProductionTokenizerFamily" />
    </UnitTest>
    <UnitTest name="InferenceWeb.Tests.GlmDsaTinyModelTests.Glm5Next_OutputParser_ThinkFalse_JsonStringMarkersAreContent(json: &quot;{\&quot;text\&quot;:\&quot;escaped \\\&quot; quote &lt;/think&gt;\&quot;,\&quot;path\&quot;&quot;···)" storage="/workspace/ts-codex-glm-completion-20260917/repo/inferenceweb.tests/bin/release/net10.0/inferenceweb.tests.dll" id="66e907ec-977c-c934-ebf5-933aa65c231f">
      <Execution id="bf8e4d17-d781-467b-bc92-28d606fa49f3" />
      <TestMethod codeBase="/workspace/ts-codex-glm-completion-20260917/repo/InferenceWeb.Tests/bin/Release/net10.0/InferenceWeb.Tests.dll" adapterTypeName="executor://xunit/VsTestRunner3/netcore/" className="InferenceWeb.Tests.GlmDsaTinyModelTests" name="Glm5Next_OutputParser_ThinkFalse_JsonStringMarkersAreContent" />
    </UnitTest>
    <UnitTest name="InferenceWeb.Tests.BpeTokenizerTests.UsesSentencePieceTokenizer_DispatchesProductionTokenizerFamily(tokenizerModel: &quot;gpt2&quot;, expected: False)" storage="/workspace/ts-codex-glm-completion-20260917/repo/inferenceweb.tests/bin/release/net10.0/inferenceweb.tests.dll" id="1953b47a-bc11-c99d-fa2b-a4c0efc7dd11">
      <Execution id="7496482c-e627-406e-ae06-91186aca7e03" />
      <TestMethod codeBase="/workspace/ts-codex-glm-completion-20260917/repo/InferenceWeb.Tests/bin/Release/net10.0/InferenceWeb.Tests.dll" adapterTypeName="executor://xunit/VsTestRunner3/netcore/" className="InferenceWeb.Tests.BpeTokenizerTests" name="UsesSentencePieceTokenizer_DispatchesProductionTokenizerFamily" />
    </UnitTest>
    <UnitTest name="InferenceWeb.Tests.MuseGlimmerRegressionTests.InjectMultimodalTokens_MuseGlimmer_EmitsPatchMarkerPerImage" storage="/workspace/ts-codex-glm-completion-20260917/repo/inferenceweb.tests/bin/release/net10.0/inferenceweb.tests.dll" id="1f74ef6f-daab-b0b0-8be6-4c83e6692798">
      <Execution id="8d3f78d8-1e2b-4de6-b1d4-3a1ad25190ec" />
      <TestMethod codeBase="/workspace/ts-codex-glm-completion-20260917/repo/InferenceWeb.Tests/bin/Release/net10.0/InferenceWeb.Tests.dll" adapterTypeName="executor://xunit/VsTestRunner3/netcore/" className="InferenceWeb.Tests.MuseGlimmerRegressionTests" name="InjectMultimodalTokens_MuseGlimmer_EmitsPatchMarkerPerImage" />
    </UnitTest>
    <UnitTest name="InferenceWeb.Tests.GlmDsaTinyModelTests.GlmDsa_ChunkedPrefill_MatchesSingleShot(chunk: 7)" storage="/workspace/ts-codex-glm-completion-20260917/repo/inferenceweb.tests/bin/release/net10.0/inferenceweb.tests.dll" id="ad1a7f4d-c964-122f-6d8a-47e9b19e15b8">
      <Execution id="f443f44f-1286-4f22-ad3b-5c8d40953fef" />
      <TestMethod codeBase="/workspace/ts-codex-glm-completion-20260917/repo/InferenceWeb.Tests/bin/Release/net10.0/InferenceWeb.Tests.dll" adapterTypeName="executor://xunit/VsTestRunner3/netcore/" className="InferenceWeb.Tests.GlmDsaTinyModelTests" name="GlmDsa_ChunkedPrefill_MatchesSingleShot" />
    </UnitTest>
    <UnitTest name="InferenceWeb.Tests.MuseGlimmerRegressionTests.InjectMultimodalTokens_MuseGlimmer_TextOnlyMessageIsUntouched" storage="/workspace/ts-codex-glm-completion-20260917/repo/inferenceweb.tests/bin/release/net10.0/inferenceweb.tests.dll" id="1cadca4d-921f-b4cc-be77-884e41ab4b84">
      <Execution id="d29b4d6d-2130-4786-baaf-e8fd4951925f" />
      <TestMethod codeBase="/workspace/ts-codex-glm-completion-20260917/repo/InferenceWeb.Tests/bin/Release/net10.0/InferenceWeb.Tests.dll" adapterTypeName="executor://xunit/VsTestRunner3/netcore/" className="InferenceWeb.Tests.MuseGlimmerRegressionTests" name="InjectMultimodalTokens_MuseGlimmer_TextOnlyMessageIsUntouched" />
    </UnitTest>
    <UnitTest name="InferenceWeb.Tests.Glm4TokenizerParityTests.PreTokenizer_MatchesTheReferenceSplitOnEveryCase(pre: &quot;glm4&quot;)" storage="/workspace/ts-codex-glm-completion-20260917/repo/inferenceweb.tests/bin/release/net10.0/inferenceweb.tests.dll" id="23ab6493-9e84-01f4-9d71-928527990201">
      <Execution id="48624812-fbe4-48b5-bd33-cedcb622f106" />
      <TestMethod codeBase="/workspace/ts-codex-glm-completion-20260917/repo/InferenceWeb.Tests/bin/Release/net10.0/InferenceWeb.Tests.dll" adapterTypeName="executor://xunit/VsTestRunner3/netcore/" className="InferenceWeb.Tests.Glm4TokenizerParityTests" name="PreTokenizer_MatchesTheReferenceSplitOnEveryCase" />
    </UnitTest>
    <UnitTest name="InferenceWeb.Tests.GlmDsaTinyModelTests.GlmDsa_ChatTemplate_MatchesModelFormat" storage="/workspace/ts-codex-glm-completion-20260917/repo/inferenceweb.tests/bin/release/net10.0/inferenceweb.tests.dll" id="fbeb0308-9ebe-d1b1-bde6-a43d78de3b66">
      <Execution id="ce245e16-81a4-4f6f-a648-1865bf0beab9" />
      <TestMethod codeBase="/workspace/ts-codex-glm-completion-20260917/repo/InferenceWeb.Tests/bin/Release/net10.0/InferenceWeb.Tests.dll" adapterTypeName="executor://xunit/VsTestRunner3/netcore/" className="InferenceWeb.Tests.GlmDsaTinyModelTests" name="GlmDsa_ChatTemplate_MatchesModelFormat" />
    </UnitTest>
    <UnitTest name="InferenceWeb.Tests.BpeTokenizerTests.Encode_Qwen35CombiningMarkRuleDoesNotChangeDefaultTokenizer" storage="/workspace/ts-codex-glm-completion-20260917/repo/inferenceweb.tests/bin/release/net10.0/inferenceweb.tests.dll" id="08102d9d-24f3-ca98-c56f-3aa6335ea093">
      <Execution id="74c9743c-0672-4cfe-a3bf-f9bf58c271e4" />
      <TestMethod codeBase="/workspace/ts-codex-glm-completion-20260917/repo/InferenceWeb.Tests/bin/Release/net10.0/InferenceWeb.Tests.dll" adapterTypeName="executor://xunit/VsTestRunner3/netcore/" className="InferenceWeb.Tests.BpeTokenizerTests" name="Encode_Qwen35CombiningMarkRuleDoesNotChangeDefaultTokenizer" />
    </UnitTest>
    <UnitTest name="InferenceWeb.Tests.GlmDsaTinyModelTests.Glm5Next_FallbackRenderer_AlwaysOpensThinking_SoThinkFalseAnswersStayContent(enableThinking: True)" storage="/workspace/ts-codex-glm-completion-20260917/repo/inferenceweb.tests/bin/release/net10.0/inferenceweb.tests.dll" id="2e858603-94cb-907a-53f8-4c0172fd6c7b">
      <Execution id="f57a8bc0-9204-4920-ab2e-212326ef7ca9" />
      <TestMethod codeBase="/workspace/ts-codex-glm-completion-20260917/repo/InferenceWeb.Tests/bin/Release/net10.0/InferenceWeb.Tests.dll" adapterTypeName="executor://xunit/VsTestRunner3/netcore/" className="InferenceWeb.Tests.GlmDsaTinyModelTests" name="Glm5Next_FallbackRenderer_AlwaysOpensThinking_SoThinkFalseAnswersStayContent" />
    </UnitTest>
    <UnitTest name="InferenceWeb.Tests.BpeTokenizerTests.Encode_Gemma4PreservesKnownNewlineRuns" storage="/workspace/ts-codex-glm-completion-20260917/repo/inferenceweb.tests/bin/release/net10.0/inferenceweb.tests.dll" id="23a5fd91-feeb-f1db-b3d3-4eb428010ecc">
      <Execution id="3505ca17-fa52-4526-ad16-79a123ee020f" />
      <TestMethod codeBase="/workspace/ts-codex-glm-completion-20260917/repo/InferenceWeb.Tests/bin/Release/net10.0/InferenceWeb.Tests.dll" adapterTypeName="executor://xunit/VsTestRunner3/netcore/" className="InferenceWeb.Tests.BpeTokenizerTests" name="Encode_Gemma4PreservesKnownNewlineRuns" />
    </UnitTest>
    <UnitTest name="InferenceWeb.Tests.GlmDsaTinyModelTests.Glm_OutputParser_StreamedCharByChar_ToolCallAfterReasoningIsParsed(arch: &quot;glm5next&quot;, enableThinking: True)" storage="/workspace/ts-codex-glm-completion-20260917/repo/inferenceweb.tests/bin/release/net10.0/inferenceweb.tests.dll" id="7217cbae-b031-2506-0380-236ac073865d">
      <Execution id="84b8bf1a-1463-48aa-bb54-07c0235b070e" />
      <TestMethod codeBase="/workspace/ts-codex-glm-completion-20260917/repo/InferenceWeb.Tests/bin/Release/net10.0/InferenceWeb.Tests.dll" adapterTypeName="executor://xunit/VsTestRunner3/netcore/" className="InferenceWeb.Tests.GlmDsaTinyModelTests" name="Glm_OutputParser_StreamedCharByChar_ToolCallAfterReasoningIsParsed" />
    </UnitTest>
    <UnitTest name="InferenceWeb.Tests.MuseGlimmerRegressionTests.PreTokenizer_Gpt4oFamily_SharesTheGpt4oPattern(pre: &quot;llama4&quot;)" storage="/workspace/ts-codex-glm-completion-20260917/repo/inferenceweb.tests/bin/release/net10.0/inferenceweb.tests.dll" id="5b4bdd36-ed1e-b59c-48d0-3cda846e7d50">
      <Execution id="071507f3-fa41-468a-a7e5-773896abb86d" />
      <TestMethod codeBase="/workspace/ts-codex-glm-completion-20260917/repo/InferenceWeb.Tests/bin/Release/net10.0/InferenceWeb.Tests.dll" adapterTypeName="executor://xunit/VsTestRunner3/netcore/" className="InferenceWeb.Tests.MuseGlimmerRegressionTests" name="PreTokenizer_Gpt4oFamily_SharesTheGpt4oPattern" />
    </UnitTest>
    <UnitTest name="InferenceWeb.Tests.GlmDsaTinyModelTests.Glm_OutputParser_StreamedCharByChar_ToolCallAfterReasoningIsParsed(arch: &quot;glm5next&quot;, enableThinking: False)" storage="/workspace/ts-codex-glm-completion-20260917/repo/inferenceweb.tests/bin/release/net10.0/inferenceweb.tests.dll" id="8cf3a4a2-812f-30dd-30cf-d1153dc17525">
      <Execution id="4f05dc81-918e-4a63-8724-37bcc1891e07" />
      <TestMethod codeBase="/workspace/ts-codex-glm-completion-20260917/repo/InferenceWeb.Tests/bin/Release/net10.0/InferenceWeb.Tests.dll" adapterTypeName="executor://xunit/VsTestRunner3/netcore/" className="InferenceWeb.Tests.GlmDsaTinyModelTests" name="Glm_OutputParser_StreamedCharByChar_ToolCallAfterReasoningIsParsed" />
    </UnitTest>
  </TestDefinitions>
  <TestEntries>
    <TestEntry testId="e8a300e0-241d-c6a8-c9e2-1e4306a6a063" executionId="208a56e6-5e4c-451c-8eac-82db9fa881f9" testListId="8c84fa94-04c1-424b-9868-57a2d4851a1d" />
    <TestEntry testId="ad1a7f4d-c964-122f-6d8a-47e9b19e15b8" executionId="f443f44f-1286-4f22-ad3b-5c8d40953fef" testListId="8c84fa94-04c1-424b-9868-57a2d4851a1d" />
    <TestEntry testId="b3e29ac1-ab83-6973-3d51-f4064ff02e2d" executionId="a73ef9a2-4b9f-439a-bc1e-8da46c411236" testListId="8c84fa94-04c1-424b-9868-57a2d4851a1d" />
    <TestEntry testId="f16ecbc8-1348-85f1-6ceb-d73b1baf45da" executionId="9bddff99-cf99-477f-b5a7-50088c43689e" testListId="8c84fa94-04c1-424b-9868-57a2d4851a1d" />
    <TestEntry testId="5b4bdd36-ed1e-b59c-48d0-3cda846e7d50" executionId="071507f3-fa41-468a-a7e5-773896abb86d" testListId="8c84fa94-04c1-424b-9868-57a2d4851a1d" />
    <TestEntry testId="4a8f8971-c91d-63a3-a4df-976c85bc0837" executionId="bece4d52-3ce1-4e6e-a6dc-32d4eed7a12f" testListId="8c84fa94-04c1-424b-9868-57a2d4851a1d" />
    <TestEntry testId="cb4282f7-d66d-09e3-594c-afbeb722b13c" executionId="053ed628-556a-4745-84d1-4646b3e78844" testListId="8c84fa94-04c1-424b-9868-57a2d4851a1d" />
    <TestEntry testId="0a3c1104-d989-b577-0fbc-a1f8a4487e29" executionId="bafcfa80-f5b2-4dc4-93bc-260917b1e128" testListId="8c84fa94-04c1-424b-9868-57a2d4851a1d" />
    <TestEntry testId="66e907ec-977c-c934-ebf5-933aa65c231f" executionId="bf8e4d17-d781-467b-bc92-28d606fa49f3" testListId="8c84fa94-04c1-424b-9868-57a2d4851a1d" />
    <TestEntry testId="7f57bba1-0107-94c1-1897-4925932bf40b" executionId="22448c70-0b60-42d1-9086-cd709252112d" testListId="8c84fa94-04c1-424b-9868-57a2d4851a1d" />
    <TestEntry testId="13f05968-e79c-cc22-dead-df6fe344ef37" executionId="512205b8-ce78-4f69-8ab0-1972563c5311" testListId="8c84fa94-04c1-424b-9868-57a2d4851a1d" />
    <TestEntry testId="1cadca4d-921f-b4cc-be77-884e41ab4b84" executionId="d29b4d6d-2130-4786-baaf-e8fd4951925f" testListId="8c84fa94-04c1-424b-9868-57a2d4851a1d" />
    <TestEntry testId="cf776f8a-7b7d-b6d8-6144-22d1a522e3f9" executionId="05911b16-7cc9-4bac-b330-429f6c8b2584" testListId="8c84fa94-04c1-424b-9868-57a2d4851a1d" />
    <TestEntry testId="23ab6493-9e84-01f4-9d71-928527990201" executionId="48624812-fbe4-48b5-bd33-cedcb622f106" testListId="8c84fa94-04c1-424b-9868-57a2d4851a1d" />
    <TestEntry testId="351d0e51-38ae-8395-fa8a-adc9bc2cf264" executionId="f0772c75-7544-450c-bbb2-1ab79392896f" testListId="8c84fa94-04c1-424b-9868-57a2d4851a1d" />
    <TestEntry testId="307c9588-fb5b-30b8-8d68-0ec0461c041e" executionId="2f9f3a24-6b0b-4a83-8f80-5dc32d320d68" testListId="8c84fa94-04c1-424b-9868-57a2d4851a1d" />
    <TestEntry testId="d2b7591f-cb33-f9ee-6498-e817fc7701d5" executionId="1522ccf1-efe1-4fa1-9af7-453bc6d7dd7b" testListId="8c84fa94-04c1-424b-9868-57a2d4851a1d" />
    <TestEntry testId="1a869902-0daf-22ce-5de3-53b7fd2de380" executionId="49f9f0a1-7b43-48b3-99f2-6b3836c512af" testListId="8c84fa94-04c1-424b-9868-57a2d4851a1d" />
    <TestEntry testId="a08f7776-9409-2c97-f1ac-4d32da05addb" executionId="a223bc7a-dc90-4cb3-a0b6-fe32b2dda9a6" testListId="8c84fa94-04c1-424b-9868-57a2d4851a1d" />
    <TestEntry testId="4ddab774-7b71-70f1-d754-2f5a63a5a544" executionId="304bb8b9-bce4-4360-8aa5-443d92fbf17c" testListId="8c84fa94-04c1-424b-9868-57a2d4851a1d" />
    <TestEntry testId="ba2f4566-d798-1d7f-8ed2-afd0bbc5a71d" executionId="dd68034d-0e84-45a7-873d-2ac7d4ed3960" testListId="8c84fa94-04c1-424b-9868-57a2d4851a1d" />
    <TestEntry testId="18ede5ac-0df9-0bfd-00cb-c0d3be2499cc" executionId="7957f25f-734d-4774-aae7-cc8c84b0b738" testListId="8c84fa94-04c1-424b-9868-57a2d4851a1d" />
    <TestEntry testId="08102d9d-24f3-ca98-c56f-3aa6335ea093" executionId="74c9743c-0672-4cfe-a3bf-f9bf58c271e4" testListId="8c84fa94-04c1-424b-9868-57a2d4851a1d" />
    <TestEntry testId="2e858603-94cb-907a-53f8-4c0172fd6c7b" executionId="f57a8bc0-9204-4920-ab2e-212326ef7ca9" testListId="8c84fa94-04c1-424b-9868-57a2d4851a1d" />
    <TestEntry testId="f446c920-3bcb-07b1-026c-9aa8eba7bc9c" executionId="8120d084-c495-4f8f-a6f0-78a440882e90" testListId="8c84fa94-04c1-424b-9868-57a2d4851a1d" />
    <TestEntry testId="82dfef19-f141-476b-918b-b4f319c46274" executionId="84fb2401-c7c0-41fb-8f0d-2bb6e5582f29" testListId="8c84fa94-04c1-424b-9868-57a2d4851a1d" />
    <TestEntry testId="91918684-7707-b56c-01da-8dc324a4d199" executionId="ffbc31a4-6b56-452a-86e1-e8065b05d833" testListId="8c84fa94-04c1-424b-9868-57a2d4851a1d" />
    <TestEntry testId="fedd477a-bff1-3a81-e853-08cf41180cd8" executionId="bd0c434d-7266-4a54-91b2-e90ee0c6f9c5" testListId="8c84fa94-04c1-424b-9868-57a2d4851a1d" />
    <TestEntry testId="7217cbae-b031-2506-0380-236ac073865d" executionId="84b8bf1a-1463-48aa-bb54-07c0235b070e" testListId="8c84fa94-04c1-424b-9868-57a2d4851a1d" />
    <TestEntry testId="13d12492-71da-98be-0629-739284739629" executionId="6c73602b-636b-4147-808f-13057b0c2022" testListId="8c84fa94-04c1-424b-9868-57a2d4851a1d" />
    <TestEntry testId="2e826c11-aace-6239-d53e-8c629f654d9f" executionId="e3eb7670-0de5-48dc-baf2-0664f776c2f2" testListId="8c84fa94-04c1-424b-9868-57a2d4851a1d" />
    <TestEntry testId="8cf3a4a2-812f-30dd-30cf-d1153dc17525" executionId="4f05dc81-918e-4a63-8724-37bcc1891e07" testListId="8c84fa94-04c1-424b-9868-57a2d4851a1d" />
    <TestEntry testId="64048051-3bf8-a995-8c41-225ba0f78c8b" executionId="796c612f-de89-4f8f-b61a-f8bff71254bf" testListId="8c84fa94-04c1-424b-9868-57a2d4851a1d" />
    <TestEntry testId="899ee396-d816-2a5c-a56e-3d0259d24191" executionId="1b75bed7-5e56-4c1f-acf2-c07ce862ea5a" testListId="8c84fa94-04c1-424b-9868-57a2d4851a1d" />
    <TestEntry testId="9021e26e-d258-ba6a-84da-3fc09a4d5878" executionId="e861ada6-6ae5-464f-8708-3303a70ef45e" testListId="8c84fa94-04c1-424b-9868-57a2d4851a1d" />
    <TestEntry testId="b295ab53-0552-02cd-0d1c-f4d3cb58fed2" executionId="f16a4c44-5159-4dbb-aee6-35fc933eba61" testListId="8c84fa94-04c1-424b-9868-57a2d4851a1d" />
    <TestEntry testId="1069da5b-e56a-345e-abac-251eba0f971d" executionId="da1ca5a1-4085-477e-956f-781ce48b9d41" testListId="8c84fa94-04c1-424b-9868-57a2d4851a1d" />
    <TestEntry testId="72ec60f7-59c0-0271-f283-5a858a950d73" executionId="a70cf45d-205e-47ce-a047-be3ba3d2ba63" testListId="8c84fa94-04c1-424b-9868-57a2d4851a1d" />
    <TestEntry testId="0e30f58f-0468-c89a-f230-3ae7cc232a82" executionId="3ce96548-16e3-45c6-8a7d-0250af34ac0f" testListId="8c84fa94-04c1-424b-9868-57a2d4851a1d" />
    <TestEntry testId="1953b47a-bc11-c99d-fa2b-a4c0efc7dd11" executionId="7496482c-e627-406e-ae06-91186aca7e03" testListId="8c84fa94-04c1-424b-9868-57a2d4851a1d" />
    <TestEntry testId="4662e0b1-6aa8-6659-6099-9e76face3a5d" executionId="2556adfd-079f-4a44-b4ff-8bd151f4a26c" testListId="8c84fa94-04c1-424b-9868-57a2d4851a1d" />
    <TestEntry testId="f4c51d38-9cdb-a378-ab94-452fc90d6183" executionId="57d267ae-67ef-4b88-b3e7-8c3e96d62b21" testListId="8c84fa94-04c1-424b-9868-57a2d4851a1d" />
    <TestEntry testId="4dc01418-b9d1-d6b0-951e-bd30d810b3a5" executionId="bb56e95c-11ad-4b24-acdc-df9305944153" testListId="8c84fa94-04c1-424b-9868-57a2d4851a1d" />
    <TestEntry testId="7af9a7d2-3594-47e8-4bf0-2eefa13e49e6" executionId="a2bf1879-50fe-422a-a34b-6f9a46fdd5e3" testListId="8c84fa94-04c1-424b-9868-57a2d4851a1d" />
    <TestEntry testId="32a98c3b-410c-9fb5-ec9b-d59b9cefec8f" executionId="75dff7bc-3093-4329-b7a4-d0d19f2f2355" testListId="8c84fa94-04c1-424b-9868-57a2d4851a1d" />
    <TestEntry testId="8278813c-7b0b-efce-2597-beaffdd969f8" executionId="601d07e9-f755-4dff-9414-63814b9d8c47" testListId="8c84fa94-04c1-424b-9868-57a2d4851a1d" />
    <TestEntry testId="da08b014-c559-de4f-f189-e8e889935e33" executionId="e2d5d110-eeec-481b-bd98-4a0992de8e04" testListId="8c84fa94-04c1-424b-9868-57a2d4851a1d" />
    <TestEntry testId="fbeb0308-9ebe-d1b1-bde6-a43d78de3b66" executionId="ce245e16-81a4-4f6f-a648-1865bf0beab9" testListId="8c84fa94-04c1-424b-9868-57a2d4851a1d" />
    <TestEntry testId="5c170fc7-804f-b4c8-d9c7-b2f0e2564a12" executionId="c29ca1fe-00e9-4d9e-819d-59432ba4696c" testListId="8c84fa94-04c1-424b-9868-57a2d4851a1d" />
    <TestEntry testId="8eb895fc-f02d-72f9-53f9-68abd3e2c043" executionId="1c1d85fc-8ef9-4306-aa80-2343593a07c7" testListId="8c84fa94-04c1-424b-9868-57a2d4851a1d" />
    <TestEntry testId="7a4de2a2-5f06-f50c-2b2a-93d3a98f5ca2" executionId="9aa04932-d92c-4fcd-8434-200112f2dbf7" testListId="8c84fa94-04c1-424b-9868-57a2d4851a1d" />
    <TestEntry testId="1f74ef6f-daab-b0b0-8be6-4c83e6692798" executionId="8d3f78d8-1e2b-4de6-b1d4-3a1ad25190ec" testListId="8c84fa94-04c1-424b-9868-57a2d4851a1d" />
    <TestEntry testId="d26b27c8-ab1e-f9e5-7e36-f959d71c5cc4" executionId="a346e1bd-20c4-4583-bc91-25dee5f9c6c8" testListId="8c84fa94-04c1-424b-9868-57a2d4851a1d" />
    <TestEntry testId="2b7016f4-3b95-ac48-3b8d-e50f3233ec17" executionId="d79fe1cf-a5dd-44e8-80d0-9dfae07a515e" testListId="8c84fa94-04c1-424b-9868-57a2d4851a1d" />
    <TestEntry testId="a4b11f13-32a1-6940-1a96-e2d613ef21cf" executionId="c6499568-ba7e-470e-a9a7-38bbc5e99999" testListId="8c84fa94-04c1-424b-9868-57a2d4851a1d" />
    <TestEntry testId="af76451f-11d0-e6bc-d841-3769323fd88a" executionId="bbd68fea-2d68-4c33-b4eb-3aba55c0cc99" testListId="8c84fa94-04c1-424b-9868-57a2d4851a1d" />
    <TestEntry testId="f396610e-2a87-93cd-7ad6-e0c431b405b3" executionId="fb7d80d0-2d6f-4f6f-b116-4ea472e07fcf" testListId="8c84fa94-04c1-424b-9868-57a2d4851a1d" />
    <TestEntry testId="444b62bc-66b3-3ab5-15a5-c006b73124a8" executionId="13e5c324-df94-41b7-8947-b4fcd2dd38a0" testListId="8c84fa94-04c1-424b-9868-57a2d4851a1d" />
    <TestEntry testId="23a5fd91-feeb-f1db-b3d3-4eb428010ecc" executionId="3505ca17-fa52-4526-ad16-79a123ee020f" testListId="8c84fa94-04c1-424b-9868-57a2d4851a1d" />
    <TestEntry testId="5718b775-663f-b776-a188-2b5ab67c8e20" executionId="78ace1b0-4ed8-4a20-8278-d0d14fed13f6" testListId="8c84fa94-04c1-424b-9868-57a2d4851a1d" />
    <TestEntry testId="558e7f20-6f0f-a64c-55cc-0c71bfad15c2" executionId="51f384b2-dd79-4a99-8e43-1231253e807f" testListId="8c84fa94-04c1-424b-9868-57a2d4851a1d" />
    <TestEntry testId="e0b15e32-c148-420f-eced-4e4892e1a51a" executionId="76130053-7bde-42fa-b454-6dc382d4f4f1" testListId="8c84fa94-04c1-424b-9868-57a2d4851a1d" />
    <TestEntry testId="8dc52063-692d-19aa-f1e3-ca686bb5dfcb" executionId="7428b05d-aa8d-452b-84c9-629ee6c057a3" testListId="8c84fa94-04c1-424b-9868-57a2d4851a1d" />
    <TestEntry testId="dccb71f5-6a85-5d61-7971-baf41e8d72ae" executionId="00d0edfe-6921-4a23-a3bc-b153b2adbdb9" testListId="8c84fa94-04c1-424b-9868-57a2d4851a1d" />
  </TestEntries>
  <TestLists>
    <TestList name="Results Not in a List" id="8c84fa94-04c1-424b-9868-57a2d4851a1d" />
    <TestList name="All Loaded Results" id="19431567-8539-422a-85d7-44ee4e166bda" />
  </TestLists>
  <ResultSummary outcome="Completed">
    <Counters total="64" executed="64" passed="64" failed="0" error="0" timeout="0" aborted="0" inconclusive="0" passedButRunAborted="0" notRunnable="0" notExecuted="0" disconnected="0" warning="0" completed="0" inProgress="0" pending="0" />
    <Output>
      <StdOut>[xUnit.net 00:00:00.00] xUnit.net VSTest Adapter v3.1.4+50e68bbb8b (64-bit .NET 10.0.12)
[xUnit.net 00:00:00.43]   Discovering: InferenceWeb.Tests
[xUnit.net 00:00:02.84]   Discovered:  InferenceWeb.Tests
[xUnit.net 00:00:02.91]   Starting:    InferenceWeb.Tests
Backend: Cpu
Model: glm-dsa, Layers=4 (+1 NextN/MTP block in the file), Hidden=64, Heads=4, MLA(q_lora=32, kv_lora=32, head_k=48, head_v=48, rope=16), Vocab=128
  MoE: 8 experts, top-2, ffn=32, shared=1, scale=2.5, norm=True, gating=sigmoid, dense_lead=1
  DSA indexer: 8 heads x 64, top-k=8, full layers=4/4
RoPE base=10000, scale=1, eps=1E-06
Context length: using GGUF metadata glm-dsa.context_length=4096.
Loading model weights... done (117 F32 tensors, 0 quantized tensors)
  NextN/MTP draft head ready (block 4, dense attention, ffn=moe, ownEmbd=no, ownHead=no)
Backend: Cpu
Model: glm-dsa, Layers=4 (+1 NextN/MTP block in the file), Hidden=64, Heads=4, MLA(q_lora=32, kv_lora=32, head_k=48, head_v=48, rope=16), Vocab=128
  MoE: 8 experts, top-2, ffn=32, shared=1, scale=2.5, norm=True, gating=sigmoid, dense_lead=1
  DSA indexer: 8 heads x 64, top-k=8, full layers=4/4
RoPE base=10000, scale=1, eps=1E-06
Context length: using GGUF metadata glm-dsa.context_length=4096.
Loading model weights... done (117 F32 tensors, 0 quantized tensors)
  NextN/MTP draft head ready (block 4, dense attention, ffn=moe, ownEmbd=no, ownHead=no)
Backend: Cpu
Model: glm-dsa, Layers=4 (+1 NextN/MTP block in the file), Hidden=64, Heads=4, MLA(q_lora=32, kv_lora=32, head_k=48, head_v=48, rope=16), Vocab=128
  MoE: 8 experts, top-2, ffn=32, shared=1, scale=2.5, norm=True, gating=sigmoid, dense_lead=1
  DSA indexer: 8 heads x 64, top-k=8, full layers=4/4
RoPE base=10000, scale=1, eps=1E-06
Context length: using GGUF metadata glm-dsa.context_length=4096.
Loading model weights... done (117 F32 tensors, 0 quantized tensors)
  NextN/MTP draft head ready (block 4, dense attention, ffn=moe, ownEmbd=no, ownHead=no)
Backend: Cpu
Model: glm-dsa, Layers=4 (+1 NextN/MTP block in the file), Hidden=64, Heads=4, MLA(q_lora=32, kv_lora=32, head_k=48, head_v=48, rope=16), Vocab=128
  MoE: 8 experts, top-2, ffn=32, shared=1, scale=2.5, norm=True, gating=sigmoid, dense_lead=1
  DSA indexer: 8 heads x 64, top-k=8, full layers=4/4
RoPE base=10000, scale=1, eps=1E-06
Context length: using GGUF metadata glm-dsa.context_length=4096.
Loading model weights... done (117 F32 tensors, 0 quantized tensors)
  NextN/MTP draft head ready (block 4, dense attention, ffn=moe, ownEmbd=no, ownHead=no)
Backend: Cpu
Model: glm-dsa, Layers=4 (+1 NextN/MTP block in the file), Hidden=64, Heads=4, MLA(q_lora=32, kv_lora=32, head_k=48, head_v=48, rope=16), Vocab=128
  MoE: 8 experts, top-2, ffn=32, shared=1, scale=2.5, norm=True, gating=sigmoid, dense_lead=1
  DSA indexer: 8 heads x 64, top-k=8, full layers=4/4
RoPE base=10000, scale=1, eps=1E-06
Context length: using GGUF metadata glm-dsa.context_length=4096.
Loading model weights... done (117 F32 tensors, 0 quantized tensors)
  NextN/MTP draft head ready (block 4, dense attention, ffn=moe, ownEmbd=no, ownHead=no)
Backend: Cpu
Model: glm-dsa, Layers=4 (+1 NextN/MTP block in the file), Hidden=64, Heads=4, MLA(q_lora=32, kv_lora=32, head_k=48, head_v=48, rope=16), Vocab=128
  MoE: 8 experts, top-2, ffn=32, shared=1, scale=2.5, norm=True, gating=sigmoid, dense_lead=1
  DSA indexer: 8 heads x 64, top-k=8, full layers=4/4
RoPE base=10000, scale=1, eps=1E-06
Context length: using GGUF metadata glm-dsa.context_length=4096.
Loading model weights... done (117 F32 tensors, 0 quantized tensors)
  NextN/MTP draft head ready (block 4, dense attention, ffn=moe, ownEmbd=no, ownHead=no)
[ChatTemplate] Using hardcoded template for 'glm5next'
[ChatTemplate] Using hardcoded template for 'glm5next'
Backend: Cpu
Model: glm-dsa, Layers=4 (+1 NextN/MTP block in the file), Hidden=64, Heads=4, MLA(q_lora=32, kv_lora=32, head_k=48, head_v=48, rope=16), Vocab=128
  MoE: 8 experts, top-2, ffn=32, shared=1, scale=2.5, norm=True, gating=sigmoid, dense_lead=1
  DSA indexer: 8 heads x 64, top-k=8, full layers=4/4
RoPE base=10000, scale=1, eps=1E-06
Context length: using GGUF metadata glm-dsa.context_length=4096.
Loading model weights... done (117 F32 tensors, 0 quantized tensors)
  NextN/MTP draft head ready (block 4, dense attention, ffn=moe, ownEmbd=no, ownHead=no)
Backend: Cpu
Model: glm-dsa, Layers=4 (+1 NextN/MTP block in the file), Hidden=64, Heads=4, MLA(q_lora=32, kv_lora=32, head_k=48, head_v=48, rope=16), Vocab=128
  MoE: 8 experts, top-2, ffn=32, shared=1, scale=2.5, norm=True, gating=sigmoid, dense_lead=1
  DSA indexer: 8 heads x 64, top-k=8, full layers=4/4
RoPE base=10000, scale=1, eps=1E-06
Context length: using GGUF metadata glm-dsa.context_length=4096.
Loading model weights... done (48 F32 tensors, 153 quantized tensors)
  Quantized: 0 MB (0 MB file-backed), F32: 0 MB
  NextN/MTP draft head ready (block 4, dense attention, ffn=moe, ownEmbd=no, ownHead=no)
Backend: Cpu
Model: glm-dsa, Layers=4 (+1 NextN/MTP block in the file), Hidden=64, Heads=4, MLA(q_lora=32, kv_lora=32, head_k=48, head_v=48, rope=16), Vocab=128
  MoE: 8 experts, top-2, ffn=32, shared=1, scale=2.5, norm=True, gating=sigmoid, dense_lead=1
  DSA indexer: 8 heads x 64, top-k=8, full layers=2/4
RoPE base=10000, scale=1, eps=1E-06
Context length: using GGUF metadata glm-dsa.context_length=4096.
Loading model weights... done (117 F32 tensors, 0 quantized tensors)
  NextN/MTP draft head ready (block 4, dense attention, ffn=moe, ownEmbd=no, ownHead=no)
[xUnit.net 00:00:04.46]   Finished:    InferenceWeb.Tests
</StdOut>
    </Output>
  </ResultSummary>
</TestRun>