<?xml version="1.0" encoding="utf-8"?>
<TestRun id="39734794-d8ba-4c90-b11e-53dc5ee7a425" name="@d71188ba1e2e 2026-09-17 14:27:37" xmlns="http://microsoft.com/schemas/VisualStudio/TeamTest/2010">
  <Times creation="2026-09-17T14:27:37.9487720+00:00" queuing="2026-09-17T14:27:37.9487723+00:00" start="2026-09-17T14:27:33.9741228+00:00" finish="2026-09-17T14:27:37.9674074+00:00" />
  <TestSettings name="default" id="d7aefb7f-9276-4e52-9489-358881526786">
    <Deployment runDeploymentRoot="_d71188ba1e2e_2026-09-17_14_27_37" />
  </TestSettings>
  <Results>
    <UnitTestResult executionId="8a593094-1f52-4d56-9d30-bfe1c916129f" testId="f16ecbc8-1348-85f1-6ceb-d73b1baf45da" testName="InferenceWeb.Tests.Glm4TokenizerParityTests.PreTokenizer_MatchesTheReferenceSplitOnEveryCase(pre: &quot;chatglm-bpe&quot;)" computerName="d71188ba1e2e" duration="00:00:00.0114989" startTime="2026-09-17T14:27:37.7054363+00:00" endTime="2026-09-17T14:27:37.7056079+00:00" testType="13cdc9d9-ddb5-4fa4-a97d-d965ccfc6d4b" outcome="Passed" testListId="8c84fa94-04c1-424b-9868-57a2d4851a1d" relativeResultsDirectory="8a593094-1f52-4d56-9d30-bfe1c916129f" />
    <UnitTestResult executionId="952f3c1a-842a-43bf-8607-13ea6c723ca8" testId="23ab6493-9e84-01f4-9d71-928527990201" testName="InferenceWeb.Tests.Glm4TokenizerParityTests.PreTokenizer_MatchesTheReferenceSplitOnEveryCase(pre: &quot;glm4&quot;)" computerName="d71188ba1e2e" duration="00:00:00.0135162" startTime="2026-09-17T14:27:37.7065500+00:00" endTime="2026-09-17T14:27:37.7153963+00:00" testType="13cdc9d9-ddb5-4fa4-a97d-d965ccfc6d4b" outcome="Passed" testListId="8c84fa94-04c1-424b-9868-57a2d4851a1d" relativeResultsDirectory="952f3c1a-842a-43bf-8607-13ea6c723ca8" />
    <UnitTestResult executionId="0715b421-8e61-4379-99a8-89b64d49dcac" testId="e0b15e32-c148-420f-eced-4e4892e1a51a" testName="InferenceWeb.Tests.Glm4TokenizerParityTests.Encode_FromGlm5Gguf_MatchesTheReferenceIds" computerName="d71188ba1e2e" duration="00:00:00.3000996" startTime="2026-09-17T14:27:37.4166294+00:00" endTime="2026-09-17T14:27:37.6908021+00:00" testType="13cdc9d9-ddb5-4fa4-a97d-d965ccfc6d4b" outcome="Passed" testListId="8c84fa94-04c1-424b-9868-57a2d4851a1d" relativeResultsDirectory="0715b421-8e61-4379-99a8-89b64d49dcac" />
  </Results>
  <TestDefinitions>
    <UnitTest name="InferenceWeb.Tests.Glm4TokenizerParityTests.Encode_FromGlm5Gguf_MatchesTheReferenceIds" storage="/workspace/ts-codex-glm-completion-20260917/repo/inferenceweb.tests/bin/release/net10.0/inferenceweb.tests.dll" id="e0b15e32-c148-420f-eced-4e4892e1a51a">
      <Execution id="0715b421-8e61-4379-99a8-89b64d49dcac" />
      <TestMethod codeBase="/workspace/ts-codex-glm-completion-20260917/repo/InferenceWeb.Tests/bin/Release/net10.0/InferenceWeb.Tests.dll" adapterTypeName="executor://xunit/VsTestRunner3/netcore/" className="InferenceWeb.Tests.Glm4TokenizerParityTests" name="Encode_FromGlm5Gguf_MatchesTheReferenceIds" />
    </UnitTest>
    <UnitTest name="InferenceWeb.Tests.Glm4TokenizerParityTests.PreTokenizer_MatchesTheReferenceSplitOnEveryCase(pre: &quot;chatglm-bpe&quot;)" storage="/workspace/ts-codex-glm-completion-20260917/repo/inferenceweb.tests/bin/release/net10.0/inferenceweb.tests.dll" id="f16ecbc8-1348-85f1-6ceb-d73b1baf45da">
      <Execution id="8a593094-1f52-4d56-9d30-bfe1c916129f" />
      <TestMethod codeBase="/workspace/ts-codex-glm-completion-20260917/repo/InferenceWeb.Tests/bin/Release/net10.0/InferenceWeb.Tests.dll" adapterTypeName="executor://xunit/VsTestRunner3/netcore/" className="InferenceWeb.Tests.Glm4TokenizerParityTests" name="PreTokenizer_MatchesTheReferenceSplitOnEveryCase" />
    </UnitTest>
    <UnitTest name="InferenceWeb.Tests.Glm4TokenizerParityTests.PreTokenizer_MatchesTheReferenceSplitOnEveryCase(pre: &quot;glm4&quot;)" storage="/workspace/ts-codex-glm-completion-20260917/repo/inferenceweb.tests/bin/release/net10.0/inferenceweb.tests.dll" id="23ab6493-9e84-01f4-9d71-928527990201">
      <Execution id="952f3c1a-842a-43bf-8607-13ea6c723ca8" />
      <TestMethod codeBase="/workspace/ts-codex-glm-completion-20260917/repo/InferenceWeb.Tests/bin/Release/net10.0/InferenceWeb.Tests.dll" adapterTypeName="executor://xunit/VsTestRunner3/netcore/" className="InferenceWeb.Tests.Glm4TokenizerParityTests" name="PreTokenizer_MatchesTheReferenceSplitOnEveryCase" />
    </UnitTest>
  </TestDefinitions>
  <TestEntries>
    <TestEntry testId="f16ecbc8-1348-85f1-6ceb-d73b1baf45da" executionId="8a593094-1f52-4d56-9d30-bfe1c916129f" testListId="8c84fa94-04c1-424b-9868-57a2d4851a1d" />
    <TestEntry testId="23ab6493-9e84-01f4-9d71-928527990201" executionId="952f3c1a-842a-43bf-8607-13ea6c723ca8" testListId="8c84fa94-04c1-424b-9868-57a2d4851a1d" />
    <TestEntry testId="e0b15e32-c148-420f-eced-4e4892e1a51a" executionId="0715b421-8e61-4379-99a8-89b64d49dcac" testListId="8c84fa94-04c1-424b-9868-57a2d4851a1d" />
  </TestEntries>
  <TestLists>
    <TestList name="Results Not in a List" id="8c84fa94-04c1-424b-9868-57a2d4851a1d" />
    <TestList name="All Loaded Results" id="19431567-8539-422a-85d7-44ee4e166bda" />
  </TestLists>
  <ResultSummary outcome="Completed">
    <Counters total="3" executed="3" passed="3" failed="0" error="0" timeout="0" aborted="0" inconclusive="0" passedButRunAborted="0" notRunnable="0" notExecuted="0" disconnected="0" warning="0" completed="0" inProgress="0" pending="0" />
    <Output>
      <StdOut>[xUnit.net 00:00:00.00] xUnit.net VSTest Adapter v3.1.4+50e68bbb8b (64-bit .NET 10.0.12)
[xUnit.net 00:00:00.32]   Discovering: InferenceWeb.Tests
[xUnit.net 00:00:02.47]   Discovered:  InferenceWeb.Tests
[xUnit.net 00:00:02.51]   Starting:    InferenceWeb.Tests
[xUnit.net 00:00:02.87]   Finished:    InferenceWeb.Tests
</StdOut>
    </Output>
  </ResultSummary>
</TestRun>